\BOOKMARK [1][-]{section.1}{Introduction}{}% 1
\BOOKMARK [2][-]{subsection.1.1}{Points}{section.1}% 2
\BOOKMARK [1][-]{section.2}{figure}{}% 3
\BOOKMARK [2][-]{subsection.2.1}{Loci}{section.2}% 4
\BOOKMARK [1][-]{section.3}{The Straight Line}{}% 5
\BOOKMARK [2][-]{subsection.3.1}{Intercepts}{section.3}% 6
\BOOKMARK [2][-]{subsection.3.2}{Line Equation}{section.3}% 7
\BOOKMARK [2][-]{subsection.3.3}{Point of Intersection}{section.3}% 8
\BOOKMARK [2][-]{subsection.3.4}{Perpendiculars and Bisectors}{section.3}% 9
\BOOKMARK [2][-]{subsection.3.5}{Angle Between Lines}{section.3}% 10
\BOOKMARK [2][-]{subsection.3.6}{Miscellaneous}{section.3}% 11
\BOOKMARK [1][-]{section.4}{Curves}{}% 12
\BOOKMARK [2][-]{subsection.4.1}{Tangent}{section.4}% 13
\BOOKMARK [2][-]{subsection.4.2}{More on Tangents}{section.4}% 14
\BOOKMARK [2][-]{subsection.4.3}{Normal}{section.4}% 15
\BOOKMARK [2][-]{subsection.4.4}{Affine Transformation: Exercises}{section.4}% 16
\BOOKMARK [1][-]{section.5}{Circle}{}% 17
\BOOKMARK [2][-]{subsection.5.1}{Equation}{section.5}% 18
\BOOKMARK [2][-]{subsection.5.2}{Tangent and Normal}{section.5}% 19
\BOOKMARK [2][-]{subsection.5.3}{Pole and Polar}{section.5}% 20
\BOOKMARK [2][-]{subsection.5.4}{Systems of Circles}{section.5}% 21
\BOOKMARK [2][-]{subsection.5.5}{Miscellaneous}{section.5}% 22
\BOOKMARK [1][-]{section.6}{Parabola}{}% 23
\BOOKMARK [2][-]{subsection.6.1}{Tangent and Normal}{section.6}% 24
\BOOKMARK [2][-]{subsection.6.2}{Miscellaneous}{section.6}% 25
\BOOKMARK [1][-]{section.7}{The Ellipse}{}% 26
\BOOKMARK [2][-]{subsection.7.1}{Properties}{section.7}% 27
\BOOKMARK [2][-]{subsection.7.2}{Pole and Polar}{section.7}% 28
\BOOKMARK [2][-]{subsection.7.3}{Eccentric Angles}{section.7}% 29
\BOOKMARK [2][-]{subsection.7.4}{Miscellaneous}{section.7}% 30
\BOOKMARK [2][-]{subsection.7.5}{Hyperbola}{section.7}% 31
\BOOKMARK [1][-]{section.8}{Polar Coordinates}{}% 32
\BOOKMARK [1][-]{section.9}{Easy Problems}{}% 33
\BOOKMARK [2][-]{subsection.9.1}{The Straight Line}{section.9}% 34
\BOOKMARK [2][-]{subsection.9.2}{Curves and Loci}{section.9}% 35
\BOOKMARK [2][-]{subsection.9.3}{The Circle}{section.9}% 36
\BOOKMARK [2][-]{subsection.9.4}{The Parabola}{section.9}% 37
\BOOKMARK [2][-]{subsection.9.5}{The Ellipse}{section.9}% 38
\BOOKMARK [2][-]{subsection.9.6}{The Hyperbola}{section.9}% 39
