This is pdfTeX, Version 3.14159265-2.6-1.40.21 (TeX Live 2020/Termux) (preloaded format=pdflatex 2020.8.26)  27 AUG 2020 13:22
entering extended mode
 restricted \write18 enabled.
 %&-line parsing enabled.
**example.tex
(./example.tex
LaTeX2e <2020-02-02> patch level 5
L3 programming layer <2020-03-06>
(/data/data/com.termux/files/usr/share/texlive/texmf-dist/tex/latex/beamer/beam
er.cls
Document Class: beamer 2019/09/29 v3.57 A class for typesetting presentations

(/data/data/com.termux/files/home/texmf/tex/latex/gvv-slides/base/beamerbasemod
es.sty
(/data/data/com.termux/files/usr/share/texlive/texmf-dist/tex/latex/etoolbox/et
oolbox.sty
Package: etoolbox 2019/09/21 v2.5h e-TeX tools for LaTeX (JAW)
\etb@tempcnta=\count167
)
\beamer@tempbox=\box45
\beamer@tempcount=\count168
\c@beamerpauses=\count169

(/data/data/com.termux/files/home/texmf/tex/latex/gvv-slides/base/beamerbasedec
ode.sty
\beamer@slideinframe=\count170
\beamer@minimum=\count171
)
\beamer@commentbox=\box46
\beamer@modecount=\count172
)
(/data/data/com.termux/files/usr/share/texlive/texmf-dist/tex/generic/iftex/ifp
df.sty
Package: ifpdf 2019/10/25 v3.4 ifpdf legacy package. Use iftex instead.

(/data/data/com.termux/files/usr/share/texlive/texmf-dist/tex/generic/iftex/ift
ex.sty
Package: iftex 2020/03/06 v1.0d TeX engine tests
))
\headdp=\dimen134
\footheight=\dimen135
\sidebarheight=\dimen136
\beamer@tempdim=\dimen137
\beamer@finalheight=\dimen138
\beamer@animht=\dimen139
\beamer@animdp=\dimen140
\beamer@animwd=\dimen141
\beamer@leftmargin=\dimen142
\beamer@rightmargin=\dimen143
\beamer@leftsidebar=\dimen144
\beamer@rightsidebar=\dimen145
\beamer@boxsize=\dimen146
\beamer@vboxoffset=\dimen147
\beamer@descdefault=\dimen148
\beamer@descriptionwidth=\dimen149
\beamer@lastskip=\skip47
\beamer@areabox=\box47
\beamer@animcurrent=\box48
\beamer@animshowbox=\box49
\beamer@sectionbox=\box50
\beamer@logobox=\box51
\beamer@linebox=\box52
\beamer@sectioncount=\count173
\beamer@subsubsectionmax=\count174
\beamer@subsectionmax=\count175
\beamer@sectionmax=\count176
\beamer@totalheads=\count177
\beamer@headcounter=\count178
\beamer@partstartpage=\count179
\beamer@sectionstartpage=\count180
\beamer@subsectionstartpage=\count181
\beamer@animationtempa=\count182
\beamer@animationtempb=\count183
\beamer@xpos=\count184
\beamer@ypos=\count185
\beamer@ypos@offset=\count186
\beamer@showpartnumber=\count187
\beamer@currentsubsection=\count188
\beamer@coveringdepth=\count189
\beamer@sectionadjust=\count190
\beamer@tocsectionnumber=\count191

(/data/data/com.termux/files/home/texmf/tex/latex/gvv-slides/base/beamerbaseopt
ions.sty
(/data/data/com.termux/files/usr/share/texlive/texmf-dist/tex/latex/graphics/ke
yval.sty
Package: keyval 2014/10/28 v1.15 key=value parser (DPC)
\KV@toks@=\toks15
))
\beamer@paperwidth=\skip48
\beamer@paperheight=\skip49

(/data/data/com.termux/files/usr/share/texlive/texmf-dist/tex/latex/geometry/ge
ometry.sty
Package: geometry 2020/01/02 v5.9 Page Geometry

(/data/data/com.termux/files/usr/share/texlive/texmf-dist/tex/generic/iftex/ifv
tex.sty
Package: ifvtex 2019/10/25 v1.7 ifvtex legacy package. Use iftex instead.
)
\Gm@cnth=\count192
\Gm@cntv=\count193
\c@Gm@tempcnt=\count194
\Gm@bindingoffset=\dimen150
\Gm@wd@mp=\dimen151
\Gm@odd@mp=\dimen152
\Gm@even@mp=\dimen153
\Gm@layoutwidth=\dimen154
\Gm@layoutheight=\dimen155
\Gm@layouthoffset=\dimen156
\Gm@layoutvoffset=\dimen157
\Gm@dimlist=\toks16
)
(/data/data/com.termux/files/usr/share/texlive/texmf-dist/tex/latex/base/size11
.clo
File: size11.clo 2019/12/20 v1.4l Standard LaTeX file (size option)
)
(/data/data/com.termux/files/usr/share/texlive/texmf-dist/tex/latex/pgf/basicla
yer/pgfcore.sty
(/data/data/com.termux/files/home/texmf/tex/latex/tmeslatex/graphicx.sty
Package: graphicx 1999/02/16 v1.0f Enhanced LaTeX Graphics (DPC,SPQR)

(/data/data/com.termux/files/usr/share/texlive/texmf-dist/tex/latex/graphics/gr
aphics.sty
Package: graphics 2019/11/30 v1.4a Standard LaTeX Graphics (DPC,SPQR)

(/data/data/com.termux/files/usr/share/texlive/texmf-dist/tex/latex/graphics/tr
ig.sty
Package: trig 2016/01/03 v1.10 sin cos tan (DPC)
)
(/data/data/com.termux/files/usr/share/texlive/texmf-dist/tex/latex/graphics-cf
g/graphics.cfg
File: graphics.cfg 2016/06/04 v1.11 sample graphics configuration
)
Package graphics Info: Driver file: pdftex.def on input line 105.

(/data/data/com.termux/files/usr/share/texlive/texmf-dist/tex/latex/graphics-de
f/pdftex.def
File: pdftex.def 2018/01/08 v1.0l Graphics/color driver for pdftex
))
\Gin@req@height=\dimen158
\Gin@req@width=\dimen159
)
(/data/data/com.termux/files/usr/share/texlive/texmf-dist/tex/latex/pgf/systeml
ayer/pgfsys.sty
(/data/data/com.termux/files/usr/share/texlive/texmf-dist/tex/latex/pgf/utiliti
es/pgfrcs.sty
(/data/data/com.termux/files/usr/share/texlive/texmf-dist/tex/generic/pgf/utili
ties/pgfutil-common.tex
\pgfutil@everybye=\toks17
\pgfutil@tempdima=\dimen160
\pgfutil@tempdimb=\dimen161

(/data/data/com.termux/files/usr/share/texlive/texmf-dist/tex/generic/pgf/utili
ties/pgfutil-common-lists.tex))
(/data/data/com.termux/files/usr/share/texlive/texmf-dist/tex/generic/pgf/utili
ties/pgfutil-latex.def
\pgfutil@abb=\box53

(/data/data/com.termux/files/usr/share/texlive/texmf-dist/tex/latex/ms/everyshi
.sty
Package: everyshi 2001/05/15 v3.00 EveryShipout Package (MS)
))
(/data/data/com.termux/files/usr/share/texlive/texmf-dist/tex/generic/pgf/utili
ties/pgfrcs.code.tex
(/data/data/com.termux/files/usr/share/texlive/texmf-dist/tex/generic/pgf/pgf.r
evision.tex)
Package: pgfrcs 2020/01/08 v3.1.5b (3.1.5b)
))
(/data/data/com.termux/files/usr/share/texlive/texmf-dist/tex/generic/pgf/syste
mlayer/pgfsys.code.tex
Package: pgfsys 2020/01/08 v3.1.5b (3.1.5b)

(/data/data/com.termux/files/usr/share/texlive/texmf-dist/tex/generic/pgf/utili
ties/pgfkeys.code.tex
\pgfkeys@pathtoks=\toks18
\pgfkeys@temptoks=\toks19

(/data/data/com.termux/files/usr/share/texlive/texmf-dist/tex/generic/pgf/utili
ties/pgfkeysfiltered.code.tex
\pgfkeys@tmptoks=\toks20
))
\pgf@x=\dimen162
\pgf@y=\dimen163
\pgf@xa=\dimen164
\pgf@ya=\dimen165
\pgf@xb=\dimen166
\pgf@yb=\dimen167
\pgf@xc=\dimen168
\pgf@yc=\dimen169
\pgf@xd=\dimen170
\pgf@yd=\dimen171
\w@pgf@writea=\write3
\r@pgf@reada=\read2
\c@pgf@counta=\count195
\c@pgf@countb=\count196
\c@pgf@countc=\count197
\c@pgf@countd=\count198
\t@pgf@toka=\toks21
\t@pgf@tokb=\toks22
\t@pgf@tokc=\toks23
\pgf@sys@id@count=\count199

(/data/data/com.termux/files/usr/share/texlive/texmf-dist/tex/generic/pgf/syste
mlayer/pgf.cfg
File: pgf.cfg 2020/01/08 v3.1.5b (3.1.5b)
)
Driver file for pgf: pgfsys-pdftex.def

(/data/data/com.termux/files/usr/share/texlive/texmf-dist/tex/generic/pgf/syste
mlayer/pgfsys-pdftex.def
File: pgfsys-pdftex.def 2020/01/08 v3.1.5b (3.1.5b)

(/data/data/com.termux/files/usr/share/texlive/texmf-dist/tex/generic/pgf/syste
mlayer/pgfsys-common-pdf.def
File: pgfsys-common-pdf.def 2020/01/08 v3.1.5b (3.1.5b)
)))
(/data/data/com.termux/files/usr/share/texlive/texmf-dist/tex/generic/pgf/syste
mlayer/pgfsyssoftpath.code.tex
File: pgfsyssoftpath.code.tex 2020/01/08 v3.1.5b (3.1.5b)
\pgfsyssoftpath@smallbuffer@items=\count266
\pgfsyssoftpath@bigbuffer@items=\count267
)
(/data/data/com.termux/files/usr/share/texlive/texmf-dist/tex/generic/pgf/syste
mlayer/pgfsysprotocol.code.tex
File: pgfsysprotocol.code.tex 2020/01/08 v3.1.5b (3.1.5b)
))
(/data/data/com.termux/files/usr/share/texlive/texmf-dist/tex/latex/xcolor/xcol
or.sty
Package: xcolor 2016/05/11 v2.12 LaTeX color extensions (UK)

(/data/data/com.termux/files/usr/share/texlive/texmf-dist/tex/latex/graphics-cf
g/color.cfg
File: color.cfg 2016/01/02 v1.6 sample color configuration
)
Package xcolor Info: Driver file: pdftex.def on input line 225.
Package xcolor Info: Model `cmy' substituted by `cmy0' on input line 1348.
Package xcolor Info: Model `hsb' substituted by `rgb' on input line 1352.
Package xcolor Info: Model `RGB' extended on input line 1364.
Package xcolor Info: Model `HTML' substituted by `rgb' on input line 1366.
Package xcolor Info: Model `Hsb' substituted by `hsb' on input line 1367.
Package xcolor Info: Model `tHsb' substituted by `hsb' on input line 1368.
Package xcolor Info: Model `HSB' substituted by `hsb' on input line 1369.
Package xcolor Info: Model `Gray' substituted by `gray' on input line 1370.
Package xcolor Info: Model `wave' substituted by `hsb' on input line 1371.
)
(/data/data/com.termux/files/usr/share/texlive/texmf-dist/tex/generic/pgf/basic
layer/pgfcore.code.tex
Package: pgfcore 2020/01/08 v3.1.5b (3.1.5b)

(/data/data/com.termux/files/usr/share/texlive/texmf-dist/tex/generic/pgf/math/
pgfmath.code.tex
(/data/data/com.termux/files/usr/share/texlive/texmf-dist/tex/generic/pgf/math/
pgfmathcalc.code.tex
(/data/data/com.termux/files/usr/share/texlive/texmf-dist/tex/generic/pgf/math/
pgfmathutil.code.tex)
(/data/data/com.termux/files/usr/share/texlive/texmf-dist/tex/generic/pgf/math/
pgfmathparser.code.tex
\pgfmath@dimen=\dimen172
\pgfmath@count=\count268
\pgfmath@box=\box54
\pgfmath@toks=\toks24
\pgfmath@stack@operand=\toks25
\pgfmath@stack@operation=\toks26
)
(/data/data/com.termux/files/usr/share/texlive/texmf-dist/tex/generic/pgf/math/
pgfmathfunctions.code.tex
(/data/data/com.termux/files/usr/share/texlive/texmf-dist/tex/generic/pgf/math/
pgfmathfunctions.basic.code.tex)
(/data/data/com.termux/files/usr/share/texlive/texmf-dist/tex/generic/pgf/math/
pgfmathfunctions.trigonometric.code.tex)
(/data/data/com.termux/files/usr/share/texlive/texmf-dist/tex/generic/pgf/math/
pgfmathfunctions.random.code.tex)
(/data/data/com.termux/files/usr/share/texlive/texmf-dist/tex/generic/pgf/math/
pgfmathfunctions.comparison.code.tex)
(/data/data/com.termux/files/usr/share/texlive/texmf-dist/tex/generic/pgf/math/
pgfmathfunctions.base.code.tex)
(/data/data/com.termux/files/usr/share/texlive/texmf-dist/tex/generic/pgf/math/
pgfmathfunctions.round.code.tex)
(/data/data/com.termux/files/usr/share/texlive/texmf-dist/tex/generic/pgf/math/
pgfmathfunctions.misc.code.tex)
(/data/data/com.termux/files/usr/share/texlive/texmf-dist/tex/generic/pgf/math/
pgfmathfunctions.integerarithmetics.code.tex)))
(/data/data/com.termux/files/usr/share/texlive/texmf-dist/tex/generic/pgf/math/
pgfmathfloat.code.tex
\c@pgfmathroundto@lastzeros=\count269
))
(/data/data/com.termux/files/usr/share/texlive/texmf-dist/tex/generic/pgf/math/
pgfint.code.tex)
(/data/data/com.termux/files/usr/share/texlive/texmf-dist/tex/generic/pgf/basic
layer/pgfcorepoints.code.tex
File: pgfcorepoints.code.tex 2020/01/08 v3.1.5b (3.1.5b)
\pgf@picminx=\dimen173
\pgf@picmaxx=\dimen174
\pgf@picminy=\dimen175
\pgf@picmaxy=\dimen176
\pgf@pathminx=\dimen177
\pgf@pathmaxx=\dimen178
\pgf@pathminy=\dimen179
\pgf@pathmaxy=\dimen180
\pgf@xx=\dimen181
\pgf@xy=\dimen182
\pgf@yx=\dimen183
\pgf@yy=\dimen184
\pgf@zx=\dimen185
\pgf@zy=\dimen186
)
(/data/data/com.termux/files/usr/share/texlive/texmf-dist/tex/generic/pgf/basic
layer/pgfcorepathconstruct.code.tex
File: pgfcorepathconstruct.code.tex 2020/01/08 v3.1.5b (3.1.5b)
\pgf@path@lastx=\dimen187
\pgf@path@lasty=\dimen188
)
(/data/data/com.termux/files/usr/share/texlive/texmf-dist/tex/generic/pgf/basic
layer/pgfcorepathusage.code.tex
File: pgfcorepathusage.code.tex 2020/01/08 v3.1.5b (3.1.5b)
\pgf@shorten@end@additional=\dimen189
\pgf@shorten@start@additional=\dimen190
)
(/data/data/com.termux/files/usr/share/texlive/texmf-dist/tex/generic/pgf/basic
layer/pgfcorescopes.code.tex
File: pgfcorescopes.code.tex 2020/01/08 v3.1.5b (3.1.5b)
\pgfpic=\box55
\pgf@hbox=\box56
\pgf@layerbox@main=\box57
\pgf@picture@serial@count=\count270
)
(/data/data/com.termux/files/usr/share/texlive/texmf-dist/tex/generic/pgf/basic
layer/pgfcoregraphicstate.code.tex
File: pgfcoregraphicstate.code.tex 2020/01/08 v3.1.5b (3.1.5b)
\pgflinewidth=\dimen191
)
(/data/data/com.termux/files/usr/share/texlive/texmf-dist/tex/generic/pgf/basic
layer/pgfcoretransformations.code.tex
File: pgfcoretransformations.code.tex 2020/01/08 v3.1.5b (3.1.5b)
\pgf@pt@x=\dimen192
\pgf@pt@y=\dimen193
\pgf@pt@temp=\dimen194
)
(/data/data/com.termux/files/usr/share/texlive/texmf-dist/tex/generic/pgf/basic
layer/pgfcorequick.code.tex
File: pgfcorequick.code.tex 2020/01/08 v3.1.5b (3.1.5b)
)
(/data/data/com.termux/files/usr/share/texlive/texmf-dist/tex/generic/pgf/basic
layer/pgfcoreobjects.code.tex
File: pgfcoreobjects.code.tex 2020/01/08 v3.1.5b (3.1.5b)
)
(/data/data/com.termux/files/usr/share/texlive/texmf-dist/tex/generic/pgf/basic
layer/pgfcorepathprocessing.code.tex
File: pgfcorepathprocessing.code.tex 2020/01/08 v3.1.5b (3.1.5b)
)
(/data/data/com.termux/files/usr/share/texlive/texmf-dist/tex/generic/pgf/basic
layer/pgfcorearrows.code.tex
File: pgfcorearrows.code.tex 2020/01/08 v3.1.5b (3.1.5b)
\pgfarrowsep=\dimen195
)
(/data/data/com.termux/files/usr/share/texlive/texmf-dist/tex/generic/pgf/basic
layer/pgfcoreshade.code.tex
File: pgfcoreshade.code.tex 2020/01/08 v3.1.5b (3.1.5b)
\pgf@max=\dimen196
\pgf@sys@shading@range@num=\count271
\pgf@shadingcount=\count272
)
(/data/data/com.termux/files/usr/share/texlive/texmf-dist/tex/generic/pgf/basic
layer/pgfcoreimage.code.tex
File: pgfcoreimage.code.tex 2020/01/08 v3.1.5b (3.1.5b)

(/data/data/com.termux/files/usr/share/texlive/texmf-dist/tex/generic/pgf/basic
layer/pgfcoreexternal.code.tex
File: pgfcoreexternal.code.tex 2020/01/08 v3.1.5b (3.1.5b)
\pgfexternal@startupbox=\box58
))
(/data/data/com.termux/files/usr/share/texlive/texmf-dist/tex/generic/pgf/basic
layer/pgfcorelayers.code.tex
File: pgfcorelayers.code.tex 2020/01/08 v3.1.5b (3.1.5b)
)
(/data/data/com.termux/files/usr/share/texlive/texmf-dist/tex/generic/pgf/basic
layer/pgfcoretransparency.code.tex
File: pgfcoretransparency.code.tex 2020/01/08 v3.1.5b (3.1.5b)
)
(/data/data/com.termux/files/usr/share/texlive/texmf-dist/tex/generic/pgf/basic
layer/pgfcorepatterns.code.tex
File: pgfcorepatterns.code.tex 2020/01/08 v3.1.5b (3.1.5b)
)
(/data/data/com.termux/files/usr/share/texlive/texmf-dist/tex/generic/pgf/basic
layer/pgfcorerdf.code.tex
File: pgfcorerdf.code.tex 2020/01/08 v3.1.5b (3.1.5b)
)))
(/data/data/com.termux/files/usr/share/texlive/texmf-dist/tex/latex/pgf/utiliti
es/xxcolor.sty
Package: xxcolor 2003/10/24 ver 0.1
\XC@nummixins=\count273
\XC@countmixins=\count274
)
(/data/data/com.termux/files/usr/share/texlive/texmf-dist/tex/generic/atbegshi/
atbegshi.sty
Package: atbegshi 2019/12/05 v1.19 At begin shipout hook (HO)

(/data/data/com.termux/files/usr/share/texlive/texmf-dist/tex/generic/infwarerr
/infwarerr.sty
Package: infwarerr 2019/12/03 v1.5 Providing info/warning/error messages (HO)
)
(/data/data/com.termux/files/usr/share/texlive/texmf-dist/tex/generic/ltxcmds/l
txcmds.sty
Package: ltxcmds 2019/12/15 v1.24 LaTeX kernel commands for general use (HO)
))
(/data/data/com.termux/files/usr/share/texlive/texmf-dist/tex/latex/hyperref/hy
perref.sty
Package: hyperref 2020/01/14 v7.00d Hypertext links for LaTeX

(/data/data/com.termux/files/usr/share/texlive/texmf-dist/tex/latex/pdftexcmds/
pdftexcmds.sty
Package: pdftexcmds 2019/11/24 v0.31 Utility functions of pdfTeX for LuaTeX (HO
)
Package pdftexcmds Info: \pdf@primitive is available.
Package pdftexcmds Info: \pdf@ifprimitive is available.
Package pdftexcmds Info: \pdfdraftmode found.
)
(/data/data/com.termux/files/usr/share/texlive/texmf-dist/tex/generic/kvsetkeys
/kvsetkeys.sty
Package: kvsetkeys 2019/12/15 v1.18 Key value parser (HO)
)
(/data/data/com.termux/files/usr/share/texlive/texmf-dist/tex/generic/kvdefinek
eys/kvdefinekeys.sty
Package: kvdefinekeys 2019-12-19 v1.6 Define keys (HO)
)
(/data/data/com.termux/files/usr/share/texlive/texmf-dist/tex/generic/pdfescape
/pdfescape.sty
Package: pdfescape 2019/12/09 v1.15 Implements pdfTeX's escape features (HO)
)
(/data/data/com.termux/files/usr/share/texlive/texmf-dist/tex/latex/hycolor/hyc
olor.sty
Package: hycolor 2020-01-27 v1.10 Color options for hyperref/bookmark (HO)
)
(/data/data/com.termux/files/usr/share/texlive/texmf-dist/tex/latex/letltxmacro
/letltxmacro.sty
Package: letltxmacro 2019/12/03 v1.6 Let assignment for LaTeX macros (HO)
)
(/data/data/com.termux/files/usr/share/texlive/texmf-dist/tex/latex/auxhook/aux
hook.sty
Package: auxhook 2019-12-17 v1.6 Hooks for auxiliary files (HO)
)
(/data/data/com.termux/files/usr/share/texlive/texmf-dist/tex/latex/kvoptions/k
voptions.sty
Package: kvoptions 2019/11/29 v3.13 Key value format for package options (HO)
)
\@linkdim=\dimen197
\Hy@linkcounter=\count275
\Hy@pagecounter=\count276

(/data/data/com.termux/files/usr/share/texlive/texmf-dist/tex/latex/hyperref/pd
1enc.def
File: pd1enc.def 2020/01/14 v7.00d Hyperref: PDFDocEncoding definition (HO)
Now handling font encoding PD1 ...
... no UTF-8 mapping file for font encoding PD1
)
(/data/data/com.termux/files/usr/share/texlive/texmf-dist/tex/generic/intcalc/i
ntcalc.sty
Package: intcalc 2019/12/15 v1.3 Expandable calculations with integers (HO)
)
(/data/data/com.termux/files/usr/share/texlive/texmf-dist/tex/generic/etexcmds/
etexcmds.sty
Package: etexcmds 2019/12/15 v1.7 Avoid name clashes with e-TeX commands (HO)
)
\Hy@SavedSpaceFactor=\count277
Package hyperref Info: Option `bookmarks' set `true' on input line 4421.
Package hyperref Info: Option `bookmarksopen' set `true' on input line 4421.
Package hyperref Info: Option `implicit' set `false' on input line 4421.
Package hyperref Info: Hyper figures OFF on input line 4547.
Package hyperref Info: Link nesting OFF on input line 4552.
Package hyperref Info: Hyper index ON on input line 4555.
Package hyperref Info: Plain pages OFF on input line 4562.
Package hyperref Info: Backreferencing OFF on input line 4567.
Package hyperref Info: Implicit mode OFF; no redefinition of LaTeX internals.
Package hyperref Info: Bookmarks ON on input line 4800.
\c@Hy@tempcnt=\count278

(/data/data/com.termux/files/usr/share/texlive/texmf-dist/tex/latex/url/url.sty
\Urlmuskip=\muskip16
Package: url 2013/09/16  ver 3.4  Verb mode for urls, etc.
)
LaTeX Info: Redefining \url on input line 5159.
\XeTeXLinkMargin=\dimen198

(/data/data/com.termux/files/usr/share/texlive/texmf-dist/tex/generic/bitset/bi
tset.sty
Package: bitset 2019/12/09 v1.3 Handle bit-vector datatype (HO)

(/data/data/com.termux/files/usr/share/texlive/texmf-dist/tex/generic/bigintcal
c/bigintcalc.sty
Package: bigintcalc 2019/12/15 v1.5 Expandable calculations on big integers (HO
)
))
\Fld@menulength=\count279
\Field@Width=\dimen199
\Fld@charsize=\dimen256
Package hyperref Info: Hyper figures OFF on input line 6430.
Package hyperref Info: Link nesting OFF on input line 6435.
Package hyperref Info: Hyper index ON on input line 6438.
Package hyperref Info: backreferencing OFF on input line 6445.
Package hyperref Info: Link coloring OFF on input line 6450.
Package hyperref Info: Link coloring with OCG OFF on input line 6455.
Package hyperref Info: PDF/A mode OFF on input line 6460.
LaTeX Info: Redefining \ref on input line 6500.
LaTeX Info: Redefining \pageref on input line 6504.
\Hy@abspage=\count280


Package hyperref Message: Stopped early.

)
Package hyperref Info: Driver (autodetected): hpdftex.

(/data/data/com.termux/files/usr/share/texlive/texmf-dist/tex/latex/hyperref/hp
dftex.def
File: hpdftex.def 2020/01/14 v7.00d Hyperref driver for pdfTeX

(/data/data/com.termux/files/usr/share/texlive/texmf-dist/tex/latex/atveryend/a
tveryend.sty
Package: atveryend 2019-12-11 v1.11 Hooks at the very end of document (HO)
)
\Fld@listcount=\count281
\c@bookmark@seq@number=\count282

(/data/data/com.termux/files/usr/share/texlive/texmf-dist/tex/latex/rerunfilech
eck/rerunfilecheck.sty
Package: rerunfilecheck 2019/12/05 v1.9 Rerun checks for auxiliary files (HO)

(/data/data/com.termux/files/usr/share/texlive/texmf-dist/tex/generic/uniquecou
nter/uniquecounter.sty
Package: uniquecounter 2019/12/15 v1.4 Provide unlimited unique counter (HO)
)
Package uniquecounter Info: New unique counter `rerunfilecheck' on input line 2
86.
))
(/data/data/com.termux/files/home/texmf/tex/latex/gvv-slides/base/beamerbasereq
uires.sty
(/data/data/com.termux/files/home/texmf/tex/latex/gvv-slides/base/beamerbasecom
patibility.sty)
(/data/data/com.termux/files/home/texmf/tex/latex/gvv-slides/base/beamerbasefon
t.sty (/data/data/com.termux/files/home/texmf/tex/latex/tmeslatex/amssymb.sty
Package: amssymb 2002/01/22 v2.2d

(/data/data/com.termux/files/home/texmf/tex/latex/tmeslatex/amsfonts.sty
Package: amsfonts 2001/10/25 v2.2f
\@emptytoks=\toks27
\symAMSa=\mathgroup4
\symAMSb=\mathgroup5
LaTeX Font Info:    Redeclaring math symbol \hbar on input line 123.
LaTeX Font Info:    Overwriting math alphabet `\mathfrak' in version `bold'
(Font)                  U/euf/m/n --> U/euf/b/n on input line 132.
))
(/data/data/com.termux/files/usr/share/texlive/texmf-dist/tex/latex/sansmathacc
ent/sansmathaccent.sty
Package: sansmathaccent 2020/01/31

(/data/data/com.termux/files/usr/share/texlive/texmf-dist/tex/latex/koma-script
/scrlfile.sty
Package: scrlfile 2020/01/24 v3.29 KOMA-Script package (loading files)
)))
(/data/data/com.termux/files/home/texmf/tex/latex/gvv-slides/base/beamerbasetra
nslator.sty
(/data/data/com.termux/files/home/texmf/tex/latex/gvv-slides/base/translator/tr
anslator.sty
Package: translator 2010/06/12 ver 1.10

(/data/data/com.termux/files/home/texmf/tex/latex/gvv-slides/base/translator/tr
anslator-language-mappings.tex)))
(/data/data/com.termux/files/home/texmf/tex/latex/gvv-slides/base/beamerbasemis
c.sty)
(/data/data/com.termux/files/home/texmf/tex/latex/gvv-slides/base/beamerbasetwo
screens.sty)
(/data/data/com.termux/files/home/texmf/tex/latex/gvv-slides/base/beamerbaseove
rlay.sty
\beamer@argscount=\count283
\beamer@lastskipcover=\skip50
\beamer@trivlistdepth=\count284
)
(/data/data/com.termux/files/home/texmf/tex/latex/gvv-slides/base/beamerbasetit
le.sty)
(/data/data/com.termux/files/home/texmf/tex/latex/gvv-slides/base/beamerbasesec
tion.sty
\c@lecture=\count285
\c@part=\count286
\c@section=\count287
\c@subsection=\count288
\c@subsubsection=\count289
)
(/data/data/com.termux/files/home/texmf/tex/latex/gvv-slides/base/beamerbasefra
me.sty
\beamer@framebox=\box59
\beamer@frametitlebox=\box60
\beamer@zoombox=\box61
\beamer@zoomcount=\count290
\beamer@zoomframecount=\count291
\beamer@frametextheight=\dimen257
\c@subsectionslide=\count292
\beamer@frametopskip=\skip51
\beamer@framebottomskip=\skip52
\beamer@frametopskipautobreak=\skip53
\beamer@framebottomskipautobreak=\skip54
\beamer@envbody=\toks28
\framewidth=\dimen258
\c@framenumber=\count293
)
(/data/data/com.termux/files/home/texmf/tex/latex/gvv-slides/base/beamerbasever
batim.sty
\beamer@verbatimfileout=\write4
)
(/data/data/com.termux/files/home/texmf/tex/latex/gvv-slides/base/beamerbasefra
mesize.sty
\beamer@splitbox=\box62
\beamer@autobreakcount=\count294
\beamer@autobreaklastheight=\dimen259
\beamer@frametitletoks=\toks29
\beamer@framesubtitletoks=\toks30
)
(/data/data/com.termux/files/home/texmf/tex/latex/gvv-slides/base/beamerbasefra
mecomponents.sty
\beamer@footins=\box63
)
(/data/data/com.termux/files/home/texmf/tex/latex/gvv-slides/base/beamerbasecol
or.sty
\beamer@bg@ht=\dimen260
\beamer@bg@wd=\dimen261
\beamer@bg@dp=\dimen262
)
(/data/data/com.termux/files/home/texmf/tex/latex/gvv-slides/base/beamerbasenot
es.sty
\beamer@frameboxcopy=\box64
)
(/data/data/com.termux/files/home/texmf/tex/latex/gvv-slides/base/beamerbasetoc
.sty)
(/data/data/com.termux/files/home/texmf/tex/latex/gvv-slides/base/beamerbasetem
plates.sty
\beamer@sbttoks=\toks31

(/data/data/com.termux/files/home/texmf/tex/latex/gvv-slides/base/beamerbaseaux
templates.sty
(/data/data/com.termux/files/home/texmf/tex/latex/gvv-slides/base/beamerbasebox
es.sty
\bmb@box=\box65
\bmb@colorbox=\box66
\bmb@boxshadow=\box67
\bmb@boxshadowball=\box68
\bmb@boxshadowballlarge=\box69
\bmb@temp=\dimen263
\bmb@dima=\dimen264
\bmb@dimb=\dimen265
\bmb@prevheight=\dimen266
)
\beamer@blockheadheight=\dimen267
))
(/data/data/com.termux/files/home/texmf/tex/latex/gvv-slides/base/beamerbaseloc
alstructure.sty
(/data/data/com.termux/files/home/texmf/tex/latex/tmeslatex/enumerate.sty
Package: enumerate 1999/03/05 v3.00 enumerate extensions (DPC)
\@enLab=\toks32
)
\c@figure=\count295
\c@table=\count296
\abovecaptionskip=\skip55
\belowcaptionskip=\skip56
)
(/data/data/com.termux/files/home/texmf/tex/latex/gvv-slides/base/beamerbasenav
igation.sty
\beamer@section@min@dim=\dimen268
)
(/data/data/com.termux/files/home/texmf/tex/latex/gvv-slides/base/beamerbasethe
orems.sty
(/data/data/com.termux/files/home/texmf/tex/latex/tmeslatex/amsmath.sty
Package: amsmath 2000/07/18 v2.13 AMS math features
\@mathmargin=\skip57

For additional information on amsmath, use the `?' option.

(/data/data/com.termux/files/usr/share/texlive/texmf-dist/tex/latex/amsmath/ams
text.sty
Package: amstext 2000/06/29 v2.01 AMS text

(/data/data/com.termux/files/usr/share/texlive/texmf-dist/tex/latex/amsmath/ams
gen.sty
File: amsgen.sty 1999/11/30 v2.0 generic functions
\@emptytoks=\toks33
\ex@=\dimen269
))
(/data/data/com.termux/files/home/texmf/tex/latex/tmeslatex/amsbsy.sty
Package: amsbsy 1999/11/29 v1.2d
\pmbraise@=\dimen270
)
(/data/data/com.termux/files/usr/share/texlive/texmf-dist/tex/latex/amsmath/ams
opn.sty
Package: amsopn 2016/03/08 v2.02 operator names
)
\inf@bad=\count297
LaTeX Info: Redefining \frac on input line 211.
\uproot@=\count298
\leftroot@=\count299
LaTeX Info: Redefining \overline on input line 307.
\classnum@=\count300
\DOTSCASE@=\count301
LaTeX Info: Redefining \ldots on input line 379.
LaTeX Info: Redefining \dots on input line 382.
LaTeX Info: Redefining \cdots on input line 467.
\Mathstrutbox@=\box70
\strutbox@=\box71
\big@size=\dimen271
LaTeX Font Info:    Redeclaring font encoding OML on input line 567.
LaTeX Font Info:    Redeclaring font encoding OMS on input line 568.


Package amsmath Warning: Unable to redefine math accent \hat.


Package amsmath Warning: Unable to redefine math accent \check.


Package amsmath Warning: Unable to redefine math accent \tilde.


Package amsmath Warning: Unable to redefine math accent \acute.


Package amsmath Warning: Unable to redefine math accent \grave.


Package amsmath Warning: Unable to redefine math accent \dot.


Package amsmath Warning: Unable to redefine math accent \ddot.


Package amsmath Warning: Unable to redefine math accent \breve.


Package amsmath Warning: Unable to redefine math accent \bar.


Package amsmath Warning: Unable to redefine math accent \vec.


Package amsmath Warning: Unable to redefine math accent \mathring.

\macc@depth=\count302
\c@MaxMatrixCols=\count303
\dotsspace@=\muskip17
\c@parentequation=\count304
\dspbrk@lvl=\count305
\tag@help=\toks34
\row@=\count306
\column@=\count307
\maxfields@=\count308
\andhelp@=\toks35
\eqnshift@=\dimen272
\alignsep@=\dimen273
\tagshift@=\dimen274
\tagwidth@=\dimen275
\totwidth@=\dimen276
\lineht@=\dimen277
\@envbody=\toks36
\multlinegap=\skip58
\multlinetaggap=\skip59
\mathdisplay@stack=\toks37
LaTeX Info: Redefining \[ on input line 2666.
LaTeX Info: Redefining \] on input line 2667.
)
(/data/data/com.termux/files/usr/share/texlive/texmf-dist/tex/latex/amscls/amst
hm.sty
Package: amsthm 2017/10/31 v2.20.4
\thm@style=\toks38
\thm@bodyfont=\toks39
\thm@headfont=\toks40
\thm@notefont=\toks41
\thm@headpunct=\toks42
\thm@preskip=\skip60
\thm@postskip=\skip61
\thm@headsep=\skip62
\dth@everypar=\toks43
)
\c@theorem=\count309
)
(/data/data/com.termux/files/home/texmf/tex/latex/gvv-slides/base/beamerbasethe
mes.sty))
(/data/data/com.termux/files/home/texmf/tex/latex/gvv-slides/base/themes/theme/
beamerthemedefault.sty
(/data/data/com.termux/files/home/texmf/tex/latex/gvv-slides/base/themes/font/b
eamerfontthemedefault.sty)
(/data/data/com.termux/files/home/texmf/tex/latex/gvv-slides/base/themes/color/
beamercolorthemedefault.sty)
(/data/data/com.termux/files/home/texmf/tex/latex/gvv-slides/base/themes/inner/
beamerinnerthemedefault.sty
\beamer@dima=\dimen278
\beamer@dimb=\dimen279
)
(/data/data/com.termux/files/home/texmf/tex/latex/gvv-slides/base/themes/outer/
beamerouterthemedefault.sty)))
(/data/data/com.termux/files/usr/share/texlive/texmf-dist/tex/latex/adjustbox/a
djustbox.sty
Package: adjustbox 2019/01/04 v1.2 Adjusting TeX boxes (trim, clip, ...)

(/data/data/com.termux/files/usr/share/texlive/texmf-dist/tex/latex/xkeyval/xke
yval.sty
Package: xkeyval 2014/12/03 v2.7a package option processing (HA)

(/data/data/com.termux/files/usr/share/texlive/texmf-dist/tex/generic/xkeyval/x
keyval.tex
(/data/data/com.termux/files/usr/share/texlive/texmf-dist/tex/generic/xkeyval/x
kvutils.tex
\XKV@toks=\toks44
\XKV@tempa@toks=\toks45
)
\XKV@depth=\count310
File: xkeyval.tex 2014/12/03 v2.7a key=value parser (HA)
))
(/data/data/com.termux/files/usr/share/texlive/texmf-dist/tex/latex/adjustbox/a
djcalc.sty
Package: adjcalc 2012/05/16 v1.1 Provides advanced setlength with multiple back
-ends (calc, etex, pgfmath)
)
(/data/data/com.termux/files/usr/share/texlive/texmf-dist/tex/latex/adjustbox/t
rimclip.sty
Package: trimclip 2018/04/08 v1.1 Trim and clip general TeX material

(/data/data/com.termux/files/usr/share/texlive/texmf-dist/tex/latex/collectbox/
collectbox.sty
Package: collectbox 2012/05/17 v0.4b Collect macro arguments as boxes
\collectedbox=\box72
)
\tc@llx=\dimen280
\tc@lly=\dimen281
\tc@urx=\dimen282
\tc@ury=\dimen283
Package trimclip Info: Using driver 'tc-pdftex.def'.

(/data/data/com.termux/files/usr/share/texlive/texmf-dist/tex/latex/adjustbox/t
c-pdftex.def
File: tc-pdftex.def 2019/01/04 v2.2 Clipping driver for pdftex
))
\adjbox@Width=\dimen284
\adjbox@Height=\dimen285
\adjbox@Depth=\dimen286
\adjbox@Totalheight=\dimen287
\adjbox@pwidth=\dimen288
\adjbox@pheight=\dimen289
\adjbox@pdepth=\dimen290
\adjbox@ptotalheight=\dimen291

(/data/data/com.termux/files/usr/share/texlive/texmf-dist/tex/latex/ifoddpage/i
foddpage.sty
Package: ifoddpage 2016/04/23 v1.1 Conditionals for odd/even page detection
\c@checkoddpage=\count311
)
(/data/data/com.termux/files/usr/share/texlive/texmf-dist/tex/latex/varwidth/va
rwidth.sty
Package: varwidth 2009/03/30 ver 0.92;  Variable-width minipages
\@vwid@box=\box73
\sift@deathcycles=\count312
\@vwid@loff=\dimen292
\@vwid@roff=\dimen293
))
(/data/data/com.termux/files/usr/share/texlive/texmf-dist/tex/latex/caption/sub
caption.sty
Package: subcaption 2020/01/22 v1.3d Sub-captions (AR)

(/data/data/com.termux/files/usr/share/texlive/texmf-dist/tex/latex/caption/cap
tion.sty
Package: caption 2020/01/03 v3.4h Customizing captions (AR)

(/data/data/com.termux/files/usr/share/texlive/texmf-dist/tex/latex/caption/cap
tion3.sty
Package: caption3 2020/01/03 v1.8h caption3 kernel (AR)
Package caption3 Info: TeX engine: e-TeX on input line 61.
\captionmargin=\dimen294
\captionmargin@=\dimen295
\captionwidth=\dimen296
\caption@tempdima=\dimen297
\caption@indent=\dimen298
\caption@parindent=\dimen299
\caption@hangindent=\dimen300
Package caption Info: beamer document class detected.
)
\c@caption@flags=\count313
\c@continuedfloat=\count314
Package caption Info: beamer document class.
Package caption Info: hyperref package is loaded.
Package caption Info: Hyperref support is turned off
(caption)             because hyperref has stopped early.
)
\c@subfigure=\count315
\c@subtable=\count316
)
(/data/data/com.termux/files/usr/share/texlive/texmf-dist/tex/latex/enumitem/en
umitem.sty
Package: enumitem 2019/06/20 v3.9 Customized lists
\labelindent=\skip63
\enit@outerparindent=\dimen301
\enit@toks=\toks46
\enit@inbox=\box74
\enit@count@id=\count317
\enitdp@description=\count318
)
(/data/data/com.termux/files/usr/share/texlive/texmf-dist/tex/latex/tools/multi
col.sty
Package: multicol 2019/12/09 v1.8y multicolumn formatting (FMi)
\c@tracingmulticols=\count319
\mult@box=\box75
\multicol@leftmargin=\dimen302
\c@unbalance=\count320
\c@collectmore=\count321
\doublecol@number=\count322
\multicoltolerance=\count323
\multicolpretolerance=\count324
\full@width=\dimen303
\page@free=\dimen304
\premulticols=\dimen305
\postmulticols=\dimen306
\multicolsep=\skip64
\multicolbaselineskip=\skip65
\partial@page=\box76
\last@line=\box77
\maxbalancingoverflow=\dimen307
\mult@rightbox=\box78
\mult@grightbox=\box79
\mult@gfirstbox=\box80
\mult@firstbox=\box81
\@tempa=\box82
\@tempa=\box83
\@tempa=\box84
\@tempa=\box85
\@tempa=\box86
\@tempa=\box87
\@tempa=\box88
\@tempa=\box89
\@tempa=\box90
\@tempa=\box91
\@tempa=\box92
\@tempa=\box93
\@tempa=\box94
\@tempa=\box95
\@tempa=\box96
\@tempa=\box97
\@tempa=\box98
\@tempa=\box99
\@tempa=\box100
\@tempa=\box101
\@tempa=\box102
\@tempa=\box103
\@tempa=\box104
\@tempa=\box105
\@tempa=\box106
\@tempa=\box107
\@tempa=\box108
\@tempa=\box109
\@tempa=\box110
\@tempa=\box111
\@tempa=\box112
\@tempa=\box113
\@tempa=\box114
\@tempa=\box115
\@tempa=\box116
\@tempa=\box117
\@tempa=\box118
\c@minrows=\count325
\c@columnbadness=\count326
\c@finalcolumnbadness=\count327
\last@try=\dimen308
\multicolovershoot=\dimen309
\multicolundershoot=\dimen310
\mult@nat@firstbox=\box119
\colbreak@box=\box120
\mc@col@check@num=\count328
)
(/data/data/com.termux/files/usr/share/texlive/texmf-dist/tex/latex/mathtools/m
athtools.sty
Package: mathtools 2020/03/24 v1.24 mathematical typesetting tools

(/data/data/com.termux/files/usr/share/texlive/texmf-dist/tex/latex/tools/calc.
sty
Package: calc 2017/05/25 v4.3 Infix arithmetic (KKT,FJ)
\calc@Acount=\count329
\calc@Bcount=\count330
\calc@Adimen=\dimen311
\calc@Bdimen=\dimen312
\calc@Askip=\skip66
\calc@Bskip=\skip67
LaTeX Info: Redefining \setlength on input line 80.
LaTeX Info: Redefining \addtolength on input line 81.
\calc@Ccount=\count331
\calc@Cskip=\skip68
)
(/data/data/com.termux/files/usr/share/texlive/texmf-dist/tex/latex/mathtools/m
hsetup.sty
Package: mhsetup 2017/03/31 v1.3 programming setup (MH)
)

LaTeX Warning: You have requested, on input line 117, version
               `2016/11/05' of package amsmath,
               but only version
               `2000/07/18 v2.13 AMS math features'
               is available.

LaTeX Info: Thecontrolsequence`\('isalreadyrobust on input line 130.
LaTeX Info: Thecontrolsequence`\)'isalreadyrobust on input line 130.
LaTeX Info: Thecontrolsequence`\['isalreadyrobust on input line 130.
LaTeX Info: Thecontrolsequence`\]'isalreadyrobust on input line 130.
\g_MT_multlinerow_int=\count332
\l_MT_multwidth_dim=\dimen313
\origjot=\skip69
\l_MT_shortvdotswithinadjustabove_dim=\dimen314
\l_MT_shortvdotswithinadjustbelow_dim=\dimen315
\l_MT_above_intertext_sep=\dimen316
\l_MT_below_intertext_sep=\dimen317
\l_MT_above_shortintertext_sep=\dimen318
\l_MT_below_shortintertext_sep=\dimen319
\xmathstrut@box=\box121
\xmathstrut@dim=\dimen320
)
(/data/data/com.termux/files/usr/share/texlive/texmf-dist/tex/latex/listings/li
stings.sty
\lst@mode=\count333
\lst@gtempboxa=\box122
\lst@token=\toks47
\lst@length=\count334
\lst@currlwidth=\dimen321
\lst@column=\count335
\lst@pos=\count336
\lst@lostspace=\dimen322
\lst@width=\dimen323
\lst@newlines=\count337
\lst@lineno=\count338
\lst@maxwidth=\dimen324

(/data/data/com.termux/files/usr/share/texlive/texmf-dist/tex/latex/listings/ls
tmisc.sty
File: lstmisc.sty 2020/03/24 1.8d (Carsten Heinz)
\c@lstnumber=\count339
\lst@skipnumbers=\count340
\lst@framebox=\box123
)
(/data/data/com.termux/files/usr/share/texlive/texmf-dist/tex/latex/listings/li
stings.cfg
File: listings.cfg 2020/03/24 1.8d listings configuration
))
Package: listings 2020/03/24 1.8d (Carsten Heinz)

(/data/data/com.termux/files/home/texmf/tex/latex/gvv-slides/base/themes/theme/
beamerthemeBoadilla.sty
(/data/data/com.termux/files/home/texmf/tex/latex/gvv-slides/base/themes/color/
beamercolorthemerose.sty)
(/data/data/com.termux/files/home/texmf/tex/latex/gvv-slides/base/themes/inner/
beamerinnerthemerounded.sty)
(/data/data/com.termux/files/home/texmf/tex/latex/gvv-slides/base/themes/color/
beamercolorthemedolphin.sty)
(/data/data/com.termux/files/home/texmf/tex/latex/gvv-slides/base/themes/outer/
beamerouterthemeinfolines.sty))
(/data/data/com.termux/files/home/texmf/tex/latex/gvv-slides/base/themes/color/
beamercolorthemelily.sty)
\c@rem=\count341


Package hyperref Warning: Token not allowed in a PDF string (PDFDocEncoding):
(hyperref)                removing `\\' on input line 68.


Package hyperref Warning: Token not allowed in a PDF string (PDFDocEncoding):
(hyperref)                removing `\\' on input line 68.


(/data/data/com.termux/files/usr/share/texlive/texmf-dist/tex/latex/l3backend/l
3backend-pdfmode.def
File: l3backend-pdfmode.def 2020-03-12 L3 backend support: PDF mode
\l__kernel_color_stack_int=\count342
\l__pdf_internal_box=\box124
) (./example.aux)
\openout1 = `example.aux'.

LaTeX Font Info:    Checking defaults for OML/cmm/m/it on input line 71.
LaTeX Font Info:    ... okay on input line 71.
LaTeX Font Info:    Checking defaults for OMS/cmsy/m/n on input line 71.
LaTeX Font Info:    ... okay on input line 71.
LaTeX Font Info:    Checking defaults for OT1/cmr/m/n on input line 71.
LaTeX Font Info:    ... okay on input line 71.
LaTeX Font Info:    Checking defaults for T1/cmr/m/n on input line 71.
LaTeX Font Info:    ... okay on input line 71.
LaTeX Font Info:    Checking defaults for TS1/cmr/m/n on input line 71.
LaTeX Font Info:    ... okay on input line 71.
LaTeX Font Info:    Checking defaults for OMX/cmex/m/n on input line 71.
LaTeX Font Info:    ... okay on input line 71.
LaTeX Font Info:    Checking defaults for U/cmr/m/n on input line 71.
LaTeX Font Info:    ... okay on input line 71.
LaTeX Font Info:    Checking defaults for PD1/pdf/m/n on input line 71.
LaTeX Font Info:    ... okay on input line 71.

*geometry* driver: auto-detecting
*geometry* detected driver: pdftex
*geometry* verbose mode - [ preamble ] result:
* driver: pdftex
* paper: custom
* layout: <same size as paper>
* layoutoffset:(h,v)=(0.0pt,0.0pt)
* modes: includehead includefoot 
* h-part:(L,W,R)=(10.95003pt, 342.2953pt, 10.95003pt)
* v-part:(T,H,B)=(0.0pt, 273.14662pt, 0.0pt)
* \paperwidth=364.19536pt
* \paperheight=273.14662pt
* \textwidth=342.2953pt
* \textheight=244.6939pt
* \oddsidemargin=-61.31996pt
* \evensidemargin=-61.31996pt
* \topmargin=-72.26999pt
* \headheight=14.22636pt
* \headsep=0.0pt
* \topskip=11.0pt
* \footskip=14.22636pt
* \marginparwidth=4.0pt
* \marginparsep=10.0pt
* \columnsep=10.0pt
* \skip\footins=10.0pt plus 4.0pt minus 2.0pt
* \hoffset=0.0pt
* \voffset=0.0pt
* \mag=1000
* \@twocolumnfalse
* \@twosidefalse
* \@mparswitchfalse
* \@reversemarginfalse
* (1in=72.27pt=25.4mm, 1cm=28.453pt)


(/data/data/com.termux/files/usr/share/texlive/texmf-dist/tex/context/base/mkii
/supp-pdf.mkii
[Loading MPS to PDF converter (version 2006.09.02).]
\scratchcounter=\count343
\scratchdimen=\dimen325
\scratchbox=\box125
\nofMPsegments=\count344
\nofMParguments=\count345
\everyMPshowfont=\toks48
\MPscratchCnt=\count346
\MPscratchDim=\dimen326
\MPnumerator=\count347
\makeMPintoPDFobject=\count348
\everyMPtoPDFconversion=\toks49
)
(/data/data/com.termux/files/usr/share/texlive/texmf-dist/tex/latex/epstopdf-pk
g/epstopdf-base.sty
Package: epstopdf-base 2020-01-24 v2.11 Base part for package epstopdf
Package epstopdf-base Info: Redefining graphics rule for `.eps' on input line 4
85.

(/data/data/com.termux/files/usr/share/texlive/texmf-dist/tex/latex/latexconfig
/epstopdf-sys.cfg
File: epstopdf-sys.cfg 2010/07/13 v1.3 Configuration of (r)epstopdf for TeX Liv
e
)) ABD: EveryShipout initializing macros
\AtBeginShipoutBox=\box126
Package hyperref Info: Link coloring OFF on input line 71.

(/data/data/com.termux/files/usr/share/texlive/texmf-dist/tex/latex/hyperref/na
meref.sty
Package: nameref 2019/09/16 v2.46 Cross-referencing by name of section

(/data/data/com.termux/files/usr/share/texlive/texmf-dist/tex/latex/refcount/re
fcount.sty
Package: refcount 2019/12/15 v3.6 Data extraction from label references (HO)
)
(/data/data/com.termux/files/usr/share/texlive/texmf-dist/tex/generic/gettitles
tring/gettitlestring.sty
Package: gettitlestring 2019/12/15 v1.6 Cleanup title references (HO)
)
\c@section@level=\count349
)
LaTeX Info: Redefining \ref on input line 71.
LaTeX Info: Redefining \pageref on input line 71.
LaTeX Info: Redefining \nameref on input line 71.
 (./example.out) (./example.out)
\@outlinefile=\write5
\openout5 = `example.out'.

LaTeX Font Info:    Overwriting symbol font `operators' in version `normal'
(Font)                  OT1/cmr/m/n --> OT1/cmss/m/n on input line 71.
LaTeX Font Info:    Overwriting symbol font `operators' in version `bold'
(Font)                  OT1/cmr/bx/n --> OT1/cmss/b/n on input line 71.
\symnumbers=\mathgroup6
\sympureletters=\mathgroup7
LaTeX Font Info:    Overwriting math alphabet `\mathrm' in version `normal'
(Font)                  OT1/cmss/m/n --> OT1/cmr/m/n on input line 71.
LaTeX Font Info:    Redeclaring math alphabet \mathbf on input line 71.
LaTeX Font Info:    Overwriting math alphabet `\mathbf' in version `normal'
(Font)                  OT1/cmr/bx/n --> OT1/cmss/b/n on input line 71.
LaTeX Font Info:    Overwriting math alphabet `\mathbf' in version `bold'
(Font)                  OT1/cmr/bx/n --> OT1/cmss/b/n on input line 71.
LaTeX Font Info:    Redeclaring math alphabet \mathsf on input line 71.
LaTeX Font Info:    Overwriting math alphabet `\mathsf' in version `normal'
(Font)                  OT1/cmss/m/n --> OT1/cmss/m/n on input line 71.
LaTeX Font Info:    Overwriting math alphabet `\mathsf' in version `bold'
(Font)                  OT1/cmss/bx/n --> OT1/cmss/m/n on input line 71.
LaTeX Font Info:    Redeclaring math alphabet \mathit on input line 71.
LaTeX Font Info:    Overwriting math alphabet `\mathit' in version `normal'
(Font)                  OT1/cmr/m/it --> OT1/cmss/m/it on input line 71.
LaTeX Font Info:    Overwriting math alphabet `\mathit' in version `bold'
(Font)                  OT1/cmr/bx/it --> OT1/cmss/m/it on input line 71.
LaTeX Font Info:    Redeclaring math alphabet \mathtt on input line 71.
LaTeX Font Info:    Overwriting math alphabet `\mathtt' in version `normal'
(Font)                  OT1/cmtt/m/n --> OT1/cmtt/m/n on input line 71.
LaTeX Font Info:    Overwriting math alphabet `\mathtt' in version `bold'
(Font)                  OT1/cmtt/m/n --> OT1/cmtt/m/n on input line 71.
LaTeX Font Info:    Overwriting symbol font `numbers' in version `bold'
(Font)                  OT1/cmss/m/n --> OT1/cmss/b/n on input line 71.
LaTeX Font Info:    Overwriting symbol font `pureletters' in version `bold'
(Font)                  OT1/cmss/m/it --> OT1/cmss/b/it on input line 71.
LaTeX Font Info:    Overwriting math alphabet `\mathrm' in version `bold'
(Font)                  OT1/cmss/b/n --> OT1/cmr/b/n on input line 71.
LaTeX Font Info:    Overwriting math alphabet `\mathbf' in version `bold'
(Font)                  OT1/cmss/b/n --> OT1/cmss/b/n on input line 71.
LaTeX Font Info:    Overwriting math alphabet `\mathsf' in version `bold'
(Font)                  OT1/cmss/m/n --> OT1/cmss/b/n on input line 71.
LaTeX Font Info:    Overwriting math alphabet `\mathit' in version `bold'
(Font)                  OT1/cmss/m/it --> OT1/cmss/b/it on input line 71.
LaTeX Font Info:    Overwriting math alphabet `\mathtt' in version `bold'
(Font)                  OT1/cmtt/m/n --> OT1/cmtt/b/n on input line 71.
LaTeX Font Info:    Redeclaring symbol font `pureletters' on input line 71.
LaTeX Font Info:    Overwriting symbol font `pureletters' in version `normal'
(Font)                  OT1/cmss/m/it --> OT1/mathkerncmss/m/sl on input line 7
1.
LaTeX Font Info:    Overwriting symbol font `pureletters' in version `bold'
(Font)                  OT1/cmss/b/it --> OT1/mathkerncmss/m/sl on input line 7
1.
LaTeX Font Info:    Overwriting symbol font `pureletters' in version `bold'
(Font)                  OT1/mathkerncmss/m/sl --> OT1/mathkerncmss/bx/sl on inp
ut line 71.

(/data/data/com.termux/files/home/texmf/tex/latex/gvv-slides/base/translator/di
cts/translator-basic-dictionary/translator-basic-dictionary-English.dict
Dictionary: translator-basic-dictionary, Language: English 
)
(/data/data/com.termux/files/home/texmf/tex/latex/gvv-slides/base/translator/di
cts/translator-bibliography-dictionary/translator-bibliography-dictionary-Engli
sh.dict
Dictionary: translator-bibliography-dictionary, Language: English 
)
(/data/data/com.termux/files/home/texmf/tex/latex/gvv-slides/base/translator/di
cts/translator-environment-dictionary/translator-environment-dictionary-English
.dict
Dictionary: translator-environment-dictionary, Language: English 
)
(/data/data/com.termux/files/home/texmf/tex/latex/gvv-slides/base/translator/di
cts/translator-months-dictionary/translator-months-dictionary-English.dict
Dictionary: translator-months-dictionary, Language: English 
)
(/data/data/com.termux/files/home/texmf/tex/latex/gvv-slides/base/translator/di
cts/translator-numbers-dictionary/translator-numbers-dictionary-English.dict
Dictionary: translator-numbers-dictionary, Language: English 
)
(/data/data/com.termux/files/home/texmf/tex/latex/gvv-slides/base/translator/di
cts/translator-theorem-dictionary/translator-theorem-dictionary-English.dict
Dictionary: translator-theorem-dictionary, Language: English 
)
Package caption Info: Begin \AtBeginDocument code.
Package caption Info: listings package is loaded.
Package caption Info: End \AtBeginDocument code.
\c@lstlisting=\count350

(./example.nav) [1

{/data/data/com.termux/files/usr/share/texlive/texmf-dist/fonts/map/pdftex/updm
ap/pdftex.map}] (./example.toc) [2

]
LaTeX Font Info:    Trying to load font information for U+msa on input line 112
.

(/data/data/com.termux/files/usr/share/texlive/texmf-dist/tex/latex/amsfonts/um
sa.fd
File: umsa.fd 2013/01/14 v3.01 AMS symbols A
)
LaTeX Font Info:    Trying to load font information for U+msb on input line 112
.

(/data/data/com.termux/files/usr/share/texlive/texmf-dist/tex/latex/amsfonts/um
sb.fd
File: umsb.fd 2013/01/14 v3.01 AMS symbols B
)
LaTeX Font Info:    Trying to load font information for OT1+mathkerncmss on inp
ut line 112.

(/data/data/com.termux/files/usr/share/texlive/texmf-dist/tex/latex/sansmathacc
ent/ot1mathkerncmss.fd
File: ot1mathkerncmss.fd 2020/01/31 Fontinst v1.933 font definitions for OT1/ma
thkerncmss.
) [3

] [4

]

LaTeX Font Warning: Font shape `OT1/cmss/b/n' undefined
(Font)              using `OT1/cmss/m/n' instead on input line 211.

[5

] [6

]
\openout4 = `example.vrb'.

 (./example.vrb) [7

]
\tf@nav=\write6
\openout6 = `example.nav'.

\tf@toc=\write7
\openout7 = `example.toc'.

\tf@snm=\write8
\openout8 = `example.snm'.

Package atveryend Info: Empty hook `BeforeClearDocument' on input line 333.
Package atveryend Info: Empty hook `AfterLastShipout' on input line 333.
 (./example.aux)
Package atveryend Info: Executing hook `AtVeryEndDocument' on input line 333.
Package atveryend Info: Executing hook `AtEndAfterFileList' on input line 333.
Package rerunfilecheck Info: File `example.out' has not changed.
(rerunfilecheck)             Checksum: F1A21AB4EBAC5FDAE7F8C8F088181E96;383.


LaTeX Font Warning: Some font shapes were not available, defaults substituted.

 ) 
Here is how much of TeX's memory you used:
 22761 strings out of 480608
 432947 string characters out of 5892806
 695184 words of memory out of 5000000
 38087 multiletter control sequences out of 15000+600000
 539394 words of font info for 49 fonts, out of 8000000 for 9000
 1141 hyphenation exceptions out of 8191
 65i,21n,115p,793b,1094s stack positions out of 5000i,500n,10000p,200000b,80000s
</data/data/com.termux/files/usr/share/texlive/texmf-dist/fonts/type1/public/
amsfonts/cm/cmex10.pfb></data/data/com.termux/files/usr/share/texlive/texmf-dis
t/fonts/type1/public/amsfonts/cm/cmmi10.pfb></data/data/com.termux/files/usr/sh
are/texlive/texmf-dist/fonts/type1/public/amsfonts/cm/cmss10.pfb></data/data/co
m.termux/files/usr/share/texlive/texmf-dist/fonts/type1/public/amsfonts/cm/cmss
12.pfb></data/data/com.termux/files/usr/share/texlive/texmf-dist/fonts/type1/pu
blic/amsfonts/cm/cmss8.pfb></data/data/com.termux/files/usr/share/texlive/texmf
-dist/fonts/type1/public/amsfonts/cm/cmss9.pfb></data/data/com.termux/files/usr
/share/texlive/texmf-dist/fonts/type1/public/amsfonts/cm/cmssi10.pfb></data/dat
a/com.termux/files/usr/share/texlive/texmf-dist/fonts/type1/public/amsfonts/cm/
cmssi8.pfb></data/data/com.termux/files/usr/share/texlive/texmf-dist/fonts/type
1/public/amsfonts/cm/cmsy10.pfb></data/data/com.termux/files/usr/share/texlive/
texmf-dist/fonts/type1/public/amsfonts/cm/cmsy8.pfb>
Output written on example.pdf (7 pages, 95472 bytes).
PDF statistics:
 150 PDF objects out of 1000 (max. 8388607)
 121 compressed objects within 2 object streams
 28 named destinations out of 1000 (max. 500000)
 111 words of extra memory for PDF output out of 10000 (max. 10000000)

