\BOOKMARK [1][-]{section.1}{Introduction}{}% 1
\BOOKMARK [2][-]{subsection.1.1}{Properties}{section.1}% 2
\BOOKMARK [2][-]{subsection.1.2}{Points}{section.1}% 3
\BOOKMARK [2][-]{subsection.1.3}{Loci}{section.1}% 4
\BOOKMARK [1][-]{section.2}{The Straight Line}{}% 5
\BOOKMARK [2][-]{subsection.2.1}{Properties}{section.2}% 6
\BOOKMARK [2][-]{subsection.2.2}{Intercepts}{section.2}% 7
\BOOKMARK [2][-]{subsection.2.3}{Line Equation}{section.2}% 8
\BOOKMARK [2][-]{subsection.2.4}{Point of Intersection}{section.2}% 9
\BOOKMARK [2][-]{subsection.2.5}{Perpendiculars and Bisectors}{section.2}% 10
\BOOKMARK [2][-]{subsection.2.6}{Angle Between Lines}{section.2}% 11
\BOOKMARK [2][-]{subsection.2.7}{Miscellaneous}{section.2}% 12
\BOOKMARK [1][-]{section.3}{Curves}{}% 13
\BOOKMARK [2][-]{subsection.3.1}{Properties}{section.3}% 14
\BOOKMARK [2][-]{subsection.3.2}{Tangent}{section.3}% 15
\BOOKMARK [2][-]{subsection.3.3}{More on Tangents}{section.3}% 16
\BOOKMARK [2][-]{subsection.3.4}{Normal}{section.3}% 17
\BOOKMARK [2][-]{subsection.3.5}{Affine Transformation}{section.3}% 18
\BOOKMARK [1][-]{section.4}{Circle}{}% 19
\BOOKMARK [2][-]{subsection.4.1}{Properties}{section.4}% 20
\BOOKMARK [2][-]{subsection.4.2}{Equation}{section.4}% 21
\BOOKMARK [2][-]{subsection.4.3}{Tangent and Normal}{section.4}% 22
\BOOKMARK [2][-]{subsection.4.4}{Pole and Polar}{section.4}% 23
\BOOKMARK [2][-]{subsection.4.5}{Systems of Circles}{section.4}% 24
\BOOKMARK [2][-]{subsection.4.6}{Miscellaneous}{section.4}% 25
\BOOKMARK [1][-]{section.5}{Parabola}{}% 26
\BOOKMARK [2][-]{subsection.5.1}{Properties}{section.5}% 27
\BOOKMARK [2][-]{subsection.5.2}{Tangent and Normal}{section.5}% 28
