\BOOKMARK [1][-]{section.1}{The Straight Line}{}% 1
\BOOKMARK [2][-]{subsection.1.1}{Point}{section.1}% 2
\BOOKMARK [2][-]{subsection.1.2}{Line}{section.1}% 3
\BOOKMARK [2][-]{subsection.1.3}{Example}{section.1}% 4
\BOOKMARK [2][-]{subsection.1.4}{Programming}{section.1}% 5
\BOOKMARK [2][-]{subsection.1.5}{Solved Problems}{section.1}% 6
\BOOKMARK [2][-]{subsection.1.6}{Exercises}{section.1}% 7
\BOOKMARK [1][-]{section.2}{Section-B}{}% 8
\BOOKMARK [1][-]{section.3}{The Circle}{}% 9
\BOOKMARK [2][-]{subsection.3.1}{Definitions}{section.3}% 10
\BOOKMARK [2][-]{subsection.3.2}{Programming}{section.3}% 11
\BOOKMARK [2][-]{subsection.3.3}{Example}{section.3}% 12
\BOOKMARK [2][-]{subsection.3.4}{Lagrange Multipliers}{section.3}% 13
\BOOKMARK [2][-]{subsection.3.5}{Inequality Constraints}{section.3}% 14
\BOOKMARK [2][-]{subsection.3.6}{Solved Problems}{section.3}% 15
\BOOKMARK [1][-]{section.4}{Conics}{}% 16
\BOOKMARK [2][-]{subsection.4.1}{Definitions}{section.4}% 17
\BOOKMARK [2][-]{subsection.4.2}{Parabola}{section.4}% 18
\BOOKMARK [2][-]{subsection.4.3}{Affine Transformation}{section.4}% 19
\BOOKMARK [2][-]{subsection.4.4}{Ellipse: Eigenvalues and Eigenvectors}{section.4}% 20
\BOOKMARK [2][-]{subsection.4.5}{Hyperbola}{section.4}% 21
\BOOKMARK [2][-]{subsection.4.6}{Karush-Kuhn-Tucker \(KKT\) Conditions}{section.4}% 22
\BOOKMARK [2][-]{subsection.4.7}{Solved Problems}{section.4}% 23
\BOOKMARK [2][-]{subsection.4.8}{Miscellaneous}{section.4}% 24
\BOOKMARK [1][-]{section.5}{Solid Geometry}{}% 25
\BOOKMARK [2][-]{subsection.5.1}{Lines and Planes}{section.5}% 26
\BOOKMARK [2][-]{subsection.5.2}{Normal to a Plane}{section.5}% 27
\BOOKMARK [2][-]{subsection.5.3}{Projection on a Plane}{section.5}% 28
\BOOKMARK [2][-]{subsection.5.4}{Coplanar vectors}{section.5}% 29
\BOOKMARK [2][-]{subsection.5.5}{Orthogonality}{section.5}% 30
\BOOKMARK [2][-]{subsection.5.6}{Least Squares}{section.5}% 31
\BOOKMARK [2][-]{subsection.5.7}{Singular Value Decomposition}{section.5}% 32
\BOOKMARK [1][-]{section.6}{Optimization}{}% 33
\BOOKMARK [2][-]{subsection.6.1}{Convex Functions}{section.6}% 34
\BOOKMARK [2][-]{subsection.6.2}{More on Convexity}{section.6}% 35
\BOOKMARK [2][-]{subsection.6.3}{Gradient Descent Method}{section.6}% 36
\BOOKMARK [2][-]{subsection.6.4}{Semi-definite Programming}{section.6}% 37
\BOOKMARK [2][-]{subsection.6.5}{Linear Programming}{section.6}% 38
\BOOKMARK [2][-]{subsection.6.6}{Exercises}{section.6}% 39
\BOOKMARK [1][-]{section.7}{Matrices}{}% 40
\BOOKMARK [2][-]{subsection.7.1}{Properties}{section.7}% 41
\BOOKMARK [2][-]{subsection.7.2}{Cayley-Hamilton Theorem}{section.7}% 42
\BOOKMARK [2][-]{subsection.7.3}{Trace}{section.7}% 43
\BOOKMARK [2][-]{subsection.7.4}{Eigenvector and Null Space}{section.7}% 44
