\BOOKMARK [1][-]{section.1}{The Straight Line}{}% 1
\BOOKMARK [2][-]{subsection.1.1}{Point}{section.1}% 2
\BOOKMARK [2][-]{subsection.1.2}{Line}{section.1}% 3
\BOOKMARK [2][-]{subsection.1.3}{Example}{section.1}% 4
\BOOKMARK [2][-]{subsection.1.4}{Programming}{section.1}% 5
\BOOKMARK [2][-]{subsection.1.5}{Solved Problems}{section.1}% 6
\BOOKMARK [2][-]{subsection.1.6}{JEE Exercises}{section.1}% 7
\BOOKMARK [1][-]{section.2}{The Circle}{}% 8
\BOOKMARK [2][-]{subsection.2.1}{Definitions}{section.2}% 9
\BOOKMARK [2][-]{subsection.2.2}{Programming}{section.2}% 10
\BOOKMARK [2][-]{subsection.2.3}{Example}{section.2}% 11
\BOOKMARK [2][-]{subsection.2.4}{Lagrange Multipliers}{section.2}% 12
\BOOKMARK [2][-]{subsection.2.5}{Inequality Constraints}{section.2}% 13
\BOOKMARK [2][-]{subsection.2.6}{Solved Problems}{section.2}% 14
\BOOKMARK [2][-]{subsection.2.7}{JEE Exercises}{section.2}% 15
\BOOKMARK [1][-]{section.3}{Conics}{}% 16
\BOOKMARK [2][-]{subsection.3.1}{Definitions}{section.3}% 17
\BOOKMARK [2][-]{subsection.3.2}{Parabola}{section.3}% 18
\BOOKMARK [2][-]{subsection.3.3}{Affine Transformation}{section.3}% 19
\BOOKMARK [2][-]{subsection.3.4}{Ellipse: Eigenvalues and Eigenvectors}{section.3}% 20
\BOOKMARK [2][-]{subsection.3.5}{Hyperbola}{section.3}% 21
\BOOKMARK [2][-]{subsection.3.6}{Karush-Kuhn-Tucker \(KKT\) Conditions}{section.3}% 22
\BOOKMARK [2][-]{subsection.3.7}{Solved Problems}{section.3}% 23
\BOOKMARK [2][-]{subsection.3.8}{JEE Exercises}{section.3}% 24
\BOOKMARK [1][-]{section.4}{Solid Geometry}{}% 25
\BOOKMARK [2][-]{subsection.4.1}{Lines and Planes}{section.4}% 26
\BOOKMARK [2][-]{subsection.4.2}{Normal to a Plane}{section.4}% 27
\BOOKMARK [2][-]{subsection.4.3}{Projection on a Plane}{section.4}% 28
\BOOKMARK [2][-]{subsection.4.4}{Coplanar vectors}{section.4}% 29
\BOOKMARK [2][-]{subsection.4.5}{Orthogonality}{section.4}% 30
\BOOKMARK [2][-]{subsection.4.6}{Least Squares}{section.4}% 31
\BOOKMARK [2][-]{subsection.4.7}{Singular Value Decomposition}{section.4}% 32
\BOOKMARK [2][-]{subsection.4.8}{JEE Exercises}{section.4}% 33
