\BOOKMARK [1][-]{section.1}{Triangle}{}% 1
\BOOKMARK [2][-]{subsection.1.1}{Triangle Examples}{section.1}% 2
\BOOKMARK [2][-]{subsection.1.2}{Triangle Exercises}{section.1}% 3
\BOOKMARK [1][-]{section.2}{Quadrilateral}{}% 4
\BOOKMARK [2][-]{subsection.2.1}{Quadrilateral Examples}{section.2}% 5
\BOOKMARK [2][-]{subsection.2.2}{Quadrilateral Geometry}{section.2}% 6
\BOOKMARK [1][-]{section.3}{Line}{}% 7
\BOOKMARK [2][-]{subsection.3.1}{Geometry: Examples}{section.3}% 8
\BOOKMARK [2][-]{subsection.3.2}{Linear Inequalities: Examples}{section.3}% 9
\BOOKMARK [2][-]{subsection.3.3}{Matrix Examples}{section.3}% 10
\BOOKMARK [2][-]{subsection.3.4}{Complex Numbers}{section.3}% 11
\BOOKMARK [2][-]{subsection.3.5}{Points and Vectors}{section.3}% 12
\BOOKMARK [2][-]{subsection.3.6}{Points on a Line}{section.3}% 13
\BOOKMARK [2][-]{subsection.3.7}{Lines and Planes}{section.3}% 14
\BOOKMARK [1][-]{section.4}{Solution}{}% 15
\BOOKMARK [1][-]{section.5}{Verification}{}% 16
\BOOKMARK [2][-]{subsection.5.1}{Motion in a Plane}{section.5}% 17
\BOOKMARK [2][-]{subsection.5.2}{Matrix Exercises}{section.5}% 18
\BOOKMARK [2][-]{subsection.5.3}{Determinants}{section.5}% 19
\BOOKMARK [2][-]{subsection.5.4}{Linear Inequalities: Exercises}{section.5}% 20
\BOOKMARK [2][-]{subsection.5.5}{Chemistry}{section.5}% 21
\BOOKMARK [2][-]{subsection.5.6}{Miscellaneous}{section.5}% 22
\BOOKMARK [1][-]{section.6}{Circle}{}% 23
\BOOKMARK [2][-]{subsection.6.1}{Circle Geometry Examples}{section.6}% 24
\BOOKMARK [2][-]{subsection.6.2}{Circle Geometry Exercises}{section.6}% 25
\BOOKMARK [1][-]{section.7}{Conics}{}% 26
\BOOKMARK [2][-]{subsection.7.1}{Examples}{section.7}% 27
\BOOKMARK [2][-]{subsection.7.2}{Exercises}{section.7}% 28
