This is pdfTeX, Version 3.14159265-2.6-1.40.15 (TeX Live 2015/dev/Debian) (preloaded format=latex 2017.2.11)  1 APR 2017 14:16
entering extended mode
 restricted \write18 enabled.
 file:line:error style messages enabled.
 %&-line parsing enabled.
**gvv_jee_2016.tex
(./gvv_jee_2016.tex
LaTeX2e <2014/05/01>
Babel <3.9l> and hyphenation patterns for 2 languages loaded.
(/usr/share/texlive/texmf-dist/tex/latex/IEEEtran/IEEEtran.cls
Document Class: IEEEtran 2014/09/17 V1.8a by Michael Shell
-- See the "IEEEtran_HOWTO" manual for usage information.
-- http://www.michaelshell.org/tex/ieeetran/
\@IEEEtrantmpdimenA=\dimen102
\@IEEEtrantmpdimenB=\dimen103
\@IEEEtrantmpdimenC=\dimen104
\@IEEEtrantmpcountA=\count79
\@IEEEtrantmpcountB=\count80
\@IEEEtrantmpcountC=\count81
\@IEEEtrantmptoksA=\toks14
LaTeX Font Info:    Try loading font information for OT1+ptm on input line 458.

(/usr/share/texlive/texmf-dist/tex/latex/psnfss/ot1ptm.fd
File: ot1ptm.fd 2001/06/04 font definitions for OT1/ptm.
)
-- Using 8.5in x 11in (letter) paper.
-- Using DVI output.
\@IEEEnormalsizeunitybaselineskip=\dimen105
-- This is a 12 point document.
\CLASSINFOnormalsizebaselineskip=\dimen106
\CLASSINFOnormalsizeunitybaselineskip=\dimen107
\IEEEnormaljot=\dimen108
LaTeX Font Info:    Font shape `OT1/ptm/bx/n' in size <6> not available
(Font)              Font shape `OT1/ptm/b/n' tried instead on input line 1039.
LaTeX Font Info:    Font shape `OT1/ptm/bx/it' in size <6> not available
(Font)              Font shape `OT1/ptm/b/it' tried instead on input line 1039.

LaTeX Font Info:    Font shape `OT1/ptm/bx/n' in size <8> not available
(Font)              Font shape `OT1/ptm/b/n' tried instead on input line 1039.
LaTeX Font Info:    Font shape `OT1/ptm/bx/it' in size <8> not available
(Font)              Font shape `OT1/ptm/b/it' tried instead on input line 1039.

LaTeX Font Info:    Font shape `OT1/ptm/bx/n' in size <9> not available
(Font)              Font shape `OT1/ptm/b/n' tried instead on input line 1039.
LaTeX Font Info:    Font shape `OT1/ptm/bx/it' in size <9> not available
(Font)              Font shape `OT1/ptm/b/it' tried instead on input line 1039.

LaTeX Font Info:    Font shape `OT1/ptm/bx/n' in size <10> not available
(Font)              Font shape `OT1/ptm/b/n' tried instead on input line 1039.
LaTeX Font Info:    Font shape `OT1/ptm/bx/it' in size <10> not available
(Font)              Font shape `OT1/ptm/b/it' tried instead on input line 1039.

LaTeX Font Info:    Font shape `OT1/ptm/bx/n' in size <12> not available
(Font)              Font shape `OT1/ptm/b/n' tried instead on input line 1039.
LaTeX Font Info:    Font shape `OT1/ptm/bx/it' in size <12> not available
(Font)              Font shape `OT1/ptm/b/it' tried instead on input line 1039.

LaTeX Font Info:    Font shape `OT1/ptm/bx/n' in size <14> not available
(Font)              Font shape `OT1/ptm/b/n' tried instead on input line 1039.
LaTeX Font Info:    Font shape `OT1/ptm/bx/it' in size <14> not available
(Font)              Font shape `OT1/ptm/b/it' tried instead on input line 1039.

LaTeX Font Info:    Font shape `OT1/ptm/bx/n' in size <20> not available
(Font)              Font shape `OT1/ptm/b/n' tried instead on input line 1039.
LaTeX Font Info:    Font shape `OT1/ptm/bx/it' in size <20> not available
(Font)              Font shape `OT1/ptm/b/it' tried instead on input line 1039.

LaTeX Font Info:    Font shape `OT1/ptm/bx/n' in size <22> not available
(Font)              Font shape `OT1/ptm/b/n' tried instead on input line 1039.
LaTeX Font Info:    Font shape `OT1/ptm/bx/it' in size <22> not available
(Font)              Font shape `OT1/ptm/b/it' tried instead on input line 1039.

LaTeX Font Info:    Font shape `OT1/ptm/bx/n' in size <24> not available
(Font)              Font shape `OT1/ptm/b/n' tried instead on input line 1039.
LaTeX Font Info:    Font shape `OT1/ptm/bx/it' in size <24> not available
(Font)              Font shape `OT1/ptm/b/it' tried instead on input line 1039.

\IEEEquantizedlength=\dimen109
\IEEEquantizedlengthdiff=\dimen110
\IEEEquantizedtextheightdiff=\dimen111
\IEEEilabelindentA=\dimen112
\IEEEilabelindentB=\dimen113
\IEEEilabelindent=\dimen114
\IEEEelabelindent=\dimen115
\IEEEdlabelindent=\dimen116
\IEEElabelindent=\dimen117
\IEEEiednormlabelsep=\dimen118
\IEEEiedmathlabelsep=\dimen119
\IEEEiedtopsep=\skip41
\c@section=\count82
\c@subsection=\count83
\c@subsubsection=\count84
\c@paragraph=\count85
\c@IEEEsubequation=\count86
\abovecaptionskip=\skip42
\belowcaptionskip=\skip43
\c@figure=\count87
\c@table=\count88
\@IEEEeqnnumcols=\count89
\@IEEEeqncolcnt=\count90
\@IEEEsubeqnnumrollback=\count91
\@IEEEquantizeheightA=\dimen120
\@IEEEquantizeheightB=\dimen121
\@IEEEquantizeheightC=\dimen122
\@IEEEquantizeprevdepth=\dimen123
\@IEEEquantizemultiple=\count92
\@IEEEquantizeboxA=\box26
\@IEEEtmpitemindent=\dimen124
\c@IEEEbiography=\count93
\@IEEEtranrubishbin=\box27
) (/usr/share/texlive/texmf-dist/tex/latex/setspace/setspace.sty
Package: setspace 2011/12/19 v6.7a set line spacing
)
(/usr/share/texlive/texmf-dist/tex/latex/was/gensymb.sty
Package: gensymb 2003/07/02 v1.0 (WaS)
)
(/usr/share/texlive/texmf-dist/tex/latex/xcolor/xcolor.sty
Package: xcolor 2007/01/21 v2.11 LaTeX color extensions (UK)

(/usr/share/texlive/texmf-dist/tex/latex/latexconfig/color.cfg
File: color.cfg 2007/01/18 v1.5 color configuration of teTeX/TeXLive
)
Package xcolor Info: Driver file: dvips.def on input line 225.

(/usr/share/texlive/texmf-dist/tex/latex/graphics/dvips.def
File: dvips.def 2014/04/23 v3.0j Driver-dependant file (DPC,SPQR)
)
Package xcolor Info: Model `cmy' substituted by `cmy0' on input line 1337.
Package xcolor Info: Model `RGB' extended on input line 1353.
Package xcolor Info: Model `HTML' substituted by `rgb' on input line 1355.
Package xcolor Info: Model `Hsb' substituted by `hsb' on input line 1356.
Package xcolor Info: Model `tHsb' substituted by `hsb' on input line 1357.
Package xcolor Info: Model `HSB' substituted by `hsb' on input line 1358.
Package xcolor Info: Model `Gray' substituted by `gray' on input line 1359.
Package xcolor Info: Model `wave' substituted by `hsb' on input line 1360.
)
(/usr/share/texlive/texmf-dist/tex/latex/caption/caption.sty
Package: caption 2013/05/02 v3.3-89 Customizing captions (AR)

(/usr/share/texlive/texmf-dist/tex/latex/caption/caption3.sty
Package: caption3 2013/05/02 v1.6-88 caption3 kernel (AR)
Package caption3 Info: TeX engine: e-TeX on input line 57.

(/usr/share/texlive/texmf-dist/tex/latex/graphics/keyval.sty
Package: keyval 2014/05/08 v1.15 key=value parser (DPC)
\KV@toks@=\toks15
)
\captionmargin=\dimen125
\captionmargin@=\dimen126
\captionwidth=\dimen127
\caption@tempdima=\dimen128
\caption@indent=\dimen129
\caption@parindent=\dimen130
\caption@hangindent=\dimen131
Package caption Info: Unknown document class (or package),
(caption)             standard defaults will be used.
)

Package caption Warning: Unsupported document class (or package) detected,
(caption)                usage of the caption package is not recommended.
See the caption package documentation for explanation.

Package caption Info: \@makecaption = \long macro:#1#2->\ifx \@captype \@IEEEta
blestring \footnotesize \bgroup \par \centering \@IEEEtabletopskipstrut {\norma
lfont \footnotesize #1}\\{\normalfont \footnotesize \scshape #2}\par \addvspace
 {0.5\baselineskip }\egroup \@IEEEtablecaptionsepspace \else \@IEEEfigurecaptio
nsepspace \setbox \@tempboxa \hbox {\normalfont \footnotesize {#1.}\nobreakspac
e \nobreakspace #2}\ifdim \wd \@tempboxa >\hsize \setbox \@tempboxa \hbox {\nor
malfont \footnotesize {#1.}\nobreakspace \nobreakspace }\parbox [t]{\hsize }{\n
ormalfont \footnotesize \noindent \unhbox \@tempboxa #2}\else \ifCLASSOPTIONcon
ference \hbox to\hsize {\normalfont \footnotesize \hfil \box \@tempboxa \hfil }
\else \hbox to\hsize {\normalfont \footnotesize \box \@tempboxa \hfil }\fi \fi 
\fi .
\c@ContinuedFloat=\count94
) (/usr/share/texlive/texmf-dist/tex/latex/caption/subcaption.sty
Package: subcaption 2013/02/03 v1.1-62 Sub-captions (AR)
\c@subfigure=\count95
\c@subtable=\count96
)
(/usr/share/texlive/texmf-dist/tex/latex/amsmath/amsmath.sty
Package: amsmath 2013/01/14 v2.14 AMS math features
\@mathmargin=\skip44

For additional information on amsmath, use the `?' option.
(/usr/share/texlive/texmf-dist/tex/latex/amsmath/amstext.sty
Package: amstext 2000/06/29 v2.01

(/usr/share/texlive/texmf-dist/tex/latex/amsmath/amsgen.sty
File: amsgen.sty 1999/11/30 v2.0
\@emptytoks=\toks16
\ex@=\dimen132
))
(/usr/share/texlive/texmf-dist/tex/latex/amsmath/amsbsy.sty
Package: amsbsy 1999/11/29 v1.2d
\pmbraise@=\dimen133
)
(/usr/share/texlive/texmf-dist/tex/latex/amsmath/amsopn.sty
Package: amsopn 1999/12/14 v2.01 operator names
)
\inf@bad=\count97
LaTeX Info: Redefining \frac on input line 210.
\uproot@=\count98
\leftroot@=\count99
LaTeX Info: Redefining \overline on input line 306.
\classnum@=\count100
\DOTSCASE@=\count101
LaTeX Info: Redefining \ldots on input line 378.
LaTeX Info: Redefining \dots on input line 381.
LaTeX Info: Redefining \cdots on input line 466.
\Mathstrutbox@=\box28
\strutbox@=\box29
\big@size=\dimen134
LaTeX Font Info:    Redeclaring font encoding OML on input line 566.
LaTeX Font Info:    Redeclaring font encoding OMS on input line 567.
\macc@depth=\count102
\c@MaxMatrixCols=\count103
\dotsspace@=\muskip10
\c@parentequation=\count104
\dspbrk@lvl=\count105
\tag@help=\toks17
\row@=\count106
\column@=\count107
\maxfields@=\count108
\andhelp@=\toks18
\eqnshift@=\dimen135
\alignsep@=\dimen136
\tagshift@=\dimen137
\tagwidth@=\dimen138
\totwidth@=\dimen139
\lineht@=\dimen140
\@envbody=\toks19
\multlinegap=\skip45
\multlinetaggap=\skip46
\mathdisplay@stack=\toks20
LaTeX Info: Redefining \[ on input line 2665.
LaTeX Info: Redefining \] on input line 2666.
)
(/usr/share/texlive/texmf-dist/tex/latex/mathtools/mathtools.sty
Package: mathtools 2014/07/16 v1.15 mathematical typesetting tools

(/usr/share/texlive/texmf-dist/tex/latex/tools/calc.sty
Package: calc 2014/10/28 v4.3 Infix arithmetic (KKT,FJ)
\calc@Acount=\count109
\calc@Bcount=\count110
\calc@Adimen=\dimen141
\calc@Bdimen=\dimen142
\calc@Askip=\skip47
\calc@Bskip=\skip48
LaTeX Info: Redefining \setlength on input line 75.
LaTeX Info: Redefining \addtolength on input line 76.
\calc@Ccount=\count111
\calc@Cskip=\skip49
)
(/usr/share/texlive/texmf-dist/tex/latex/mathtools/mhsetup.sty
Package: mhsetup 2010/01/21 v1.2a programming setup (MH)
)
LaTeX Info: Thecontrolsequence`\['isalreadyrobust on input line 129.
LaTeX Info: Thecontrolsequence`\]'isalreadyrobust on input line 129.
\g_MT_multlinerow_int=\count112
\l_MT_multwidth_dim=\dimen143
\origjot=\skip50
\l_MT_shortvdotswithinadjustabove_dim=\dimen144
\l_MT_shortvdotswithinadjustbelow_dim=\dimen145
\l_MT_above_intertext_sep=\dimen146
\l_MT_below_intertext_sep=\dimen147
\l_MT_above_shortintertext_sep=\dimen148
\l_MT_below_shortintertext_sep=\dimen149
)
(/usr/share/texlive/texmf-dist/tex/latex/amscls/amsthm.sty
Package: amsthm 2009/07/02 v2.20.1
\thm@style=\toks21
\thm@bodyfont=\toks22
\thm@headfont=\toks23
\thm@notefont=\toks24
\thm@headpunct=\toks25
\thm@preskip=\skip51
\thm@postskip=\skip52
\thm@headsep=\skip53
\dth@everypar=\toks26
)
(/usr/share/texlive/texmf-dist/tex/latex/jknapltx/mathrsfs.sty
Package: mathrsfs 1996/01/01 Math RSFS package v1.0 (jk)
\symrsfs=\mathgroup4
)
(/usr/share/texlive/texmf-dist/tex/latex/txfonts/txfonts.sty
Package: txfonts 2008/01/22 v3.2.1
LaTeX Font Info:    Redeclaring symbol font `operators' on input line 21.
LaTeX Font Info:    Overwriting symbol font `operators' in version `normal'
(Font)                  OT1/cmr/m/n --> OT1/txr/m/n on input line 21.
LaTeX Font Info:    Overwriting symbol font `operators' in version `bold'
(Font)                  OT1/cmr/bx/n --> OT1/txr/m/n on input line 21.
LaTeX Font Info:    Overwriting symbol font `operators' in version `bold'
(Font)                  OT1/txr/m/n --> OT1/txr/bx/n on input line 22.
\symitalic=\mathgroup5
LaTeX Font Info:    Overwriting symbol font `italic' in version `bold'
(Font)                  OT1/txr/m/it --> OT1/txr/bx/it on input line 26.
LaTeX Font Info:    Redeclaring math alphabet \mathbf on input line 29.
LaTeX Font Info:    Overwriting math alphabet `\mathbf' in version `normal'
(Font)                  OT1/cmr/bx/n --> OT1/txr/bx/n on input line 29.
LaTeX Font Info:    Overwriting math alphabet `\mathbf' in version `bold'
(Font)                  OT1/cmr/bx/n --> OT1/txr/bx/n on input line 29.
LaTeX Font Info:    Redeclaring math alphabet \mathit on input line 30.
LaTeX Font Info:    Overwriting math alphabet `\mathit' in version `normal'
(Font)                  OT1/cmr/m/it --> OT1/txr/m/it on input line 30.
LaTeX Font Info:    Overwriting math alphabet `\mathit' in version `bold'
(Font)                  OT1/cmr/bx/it --> OT1/txr/m/it on input line 30.
LaTeX Font Info:    Overwriting math alphabet `\mathit' in version `bold'
(Font)                  OT1/txr/m/it --> OT1/txr/bx/it on input line 31.
LaTeX Font Info:    Redeclaring math alphabet \mathsf on input line 40.
LaTeX Font Info:    Overwriting math alphabet `\mathsf' in version `normal'
(Font)                  OT1/cmss/m/n --> OT1/txss/m/n on input line 40.
LaTeX Font Info:    Overwriting math alphabet `\mathsf' in version `bold'
(Font)                  OT1/cmss/bx/n --> OT1/txss/m/n on input line 40.
LaTeX Font Info:    Overwriting math alphabet `\mathsf' in version `bold'
(Font)                  OT1/txss/m/n --> OT1/txss/b/n on input line 41.
LaTeX Font Info:    Redeclaring math alphabet \mathtt on input line 50.
LaTeX Font Info:    Overwriting math alphabet `\mathtt' in version `normal'
(Font)                  OT1/cmtt/m/n --> OT1/txtt/m/n on input line 50.
LaTeX Font Info:    Overwriting math alphabet `\mathtt' in version `bold'
(Font)                  OT1/cmtt/m/n --> OT1/txtt/m/n on input line 50.
LaTeX Font Info:    Overwriting math alphabet `\mathtt' in version `bold'
(Font)                  OT1/txtt/m/n --> OT1/txtt/b/n on input line 51.
LaTeX Font Info:    Redeclaring symbol font `letters' on input line 58.
LaTeX Font Info:    Overwriting symbol font `letters' in version `normal'
(Font)                  OML/cmm/m/it --> OML/txmi/m/it on input line 58.
LaTeX Font Info:    Overwriting symbol font `letters' in version `bold'
(Font)                  OML/cmm/b/it --> OML/txmi/m/it on input line 58.
LaTeX Font Info:    Overwriting symbol font `letters' in version `bold'
(Font)                  OML/txmi/m/it --> OML/txmi/bx/it on input line 59.
\symlettersA=\mathgroup6
LaTeX Font Info:    Overwriting symbol font `lettersA' in version `bold'
(Font)                  U/txmia/m/it --> U/txmia/bx/it on input line 67.
LaTeX Font Info:    Redeclaring symbol font `symbols' on input line 77.
LaTeX Font Info:    Overwriting symbol font `symbols' in version `normal'
(Font)                  OMS/cmsy/m/n --> OMS/txsy/m/n on input line 77.
LaTeX Font Info:    Overwriting symbol font `symbols' in version `bold'
(Font)                  OMS/cmsy/b/n --> OMS/txsy/m/n on input line 77.
LaTeX Font Info:    Overwriting symbol font `symbols' in version `bold'
(Font)                  OMS/txsy/m/n --> OMS/txsy/bx/n on input line 78.
\symAMSa=\mathgroup7
LaTeX Font Info:    Overwriting symbol font `AMSa' in version `bold'
(Font)                  U/txsya/m/n --> U/txsya/bx/n on input line 94.
\symAMSb=\mathgroup8
LaTeX Font Info:    Overwriting symbol font `AMSb' in version `bold'
(Font)                  U/txsyb/m/n --> U/txsyb/bx/n on input line 103.
\symsymbolsC=\mathgroup9
LaTeX Font Info:    Overwriting symbol font `symbolsC' in version `bold'
(Font)                  U/txsyc/m/n --> U/txsyc/bx/n on input line 113.
LaTeX Font Info:    Redeclaring symbol font `largesymbols' on input line 120.
LaTeX Font Info:    Overwriting symbol font `largesymbols' in version `normal'
(Font)                  OMX/cmex/m/n --> OMX/txex/m/n on input line 120.
LaTeX Font Info:    Overwriting symbol font `largesymbols' in version `bold'
(Font)                  OMX/cmex/m/n --> OMX/txex/m/n on input line 120.
LaTeX Font Info:    Overwriting symbol font `largesymbols' in version `bold'
(Font)                  OMX/txex/m/n --> OMX/txex/bx/n on input line 121.
\symlargesymbolsA=\mathgroup10
LaTeX Font Info:    Overwriting symbol font `largesymbolsA' in version `bold'
(Font)                  U/txexa/m/n --> U/txexa/bx/n on input line 129.
LaTeX Info: Redefining \not on input line 1043.
LaTeX Info: Redefining \textsquare on input line 1063.
LaTeX Info: Redefining \openbox on input line 1064.
)
(/usr/share/texlive/texmf-dist/tex/latex/sttools/stfloats.sty
Package: stfloats 2012/05/29 v1.1 Improve float mechanism and baselineskip sett
ings
\@dblbotnum=\count113
\c@dblbotnumber=\count114
)
(/usr/share/texlive/texmf-dist/tex/latex/cite/cite.sty
LaTeX Info: Redefining \cite on input line 302.
LaTeX Info: Redefining \nocite on input line 373.
Package: cite 2010/09/10  v 5.3
)
(/usr/share/texlive/texmf-dist/tex/latex/cases/cases.sty
Package: cases 2002/05/02 ver 2.5 
)
(/usr/share/texlive/texmf-dist/tex/latex/subfig/subfig.sty
Package: subfig 2005/06/28 ver: 1.3 subfig package
\c@KVtest=\count115
\sf@farskip=\skip54
\sf@captopadj=\dimen150
\sf@capskip=\skip55
\sf@nearskip=\skip56
\sf@top=\skip57
\sf@bottom=\skip58
)
(/usr/share/texlive/texmf-dist/tex/latex/tools/longtable.sty
Package: longtable 2014/10/28 v4.11 Multi-page Table package (DPC)
\LTleft=\skip59
\LTright=\skip60
\LTpre=\skip61
\LTpost=\skip62
\LTchunksize=\count116
\LTcapwidth=\dimen151
\LT@head=\box30
\LT@firsthead=\box31
\LT@foot=\box32
\LT@lastfoot=\box33
\LT@cols=\count117
\LT@rows=\count118
\c@LT@tables=\count119
\c@LT@chunks=\count120
\LT@p@ftn=\toks27
)
(/usr/share/texlive/texmf-dist/tex/latex/multirow/multirow.sty
\bigstrutjot=\dimen152
)
(/usr/share/texlive/texmf-dist/tex/latex/enumitem/enumitem.sty
Package: enumitem 2011/09/28 v3.5.2 Customized lists
\labelindent=\skip63
\enit@outerparindent=\dimen153
\enit@toks=\toks28
\enit@inbox=\box34
\enitdp@description=\count121
)
(/home/pi/texmf/tex/latex/iithtlc/iithtlc.sty
Package: iithtlc 10/04/2016 IITH TLC

(/usr/share/texlive/texmf-dist/tex/latex/graphics/graphicx.sty
Package: graphicx 2014/04/25 v1.0g Enhanced LaTeX Graphics (DPC,SPQR)

(/usr/share/texlive/texmf-dist/tex/latex/graphics/graphics.sty
Package: graphics 2009/02/05 v1.0o Standard LaTeX Graphics (DPC,SPQR)

(/usr/share/texlive/texmf-dist/tex/latex/graphics/trig.sty
Package: trig 1999/03/16 v1.09 sin cos tan (DPC)
)
(/usr/share/texlive/texmf-dist/tex/latex/latexconfig/graphics.cfg
File: graphics.cfg 2010/04/23 v1.9 graphics configuration of TeX Live
)
Package graphics Info: Driver file: dvips.def on input line 91.
)
\Gin@req@height=\dimen154
\Gin@req@width=\dimen155
))
(/usr/share/texlive/texmf-dist/tex/latex/listings/listings.sty
\lst@mode=\count122
\lst@gtempboxa=\box35
\lst@token=\toks29
\lst@length=\count123
\lst@currlwidth=\dimen156
\lst@column=\count124
\lst@pos=\count125
\lst@lostspace=\dimen157
\lst@width=\dimen158
\lst@newlines=\count126
\lst@lineno=\count127
\lst@maxwidth=\dimen159

(/usr/share/texlive/texmf-dist/tex/latex/listings/lstmisc.sty
File: lstmisc.sty 2014/09/06 1.5e (Carsten Heinz)
\c@lstnumber=\count128
\lst@skipnumbers=\count129
\lst@framebox=\box36
)
(/usr/share/texlive/texmf-dist/tex/latex/listings/listings.cfg
File: listings.cfg 2014/09/06 1.5e listings configuration
))
Package: listings 2014/09/06 1.5e (Carsten Heinz)

(/usr/share/texlive/texmf-dist/tex/latex/listings/lstlang1.sty
File: lstlang1.sty 2014/09/06 1.5e listings language file
)
(./gvv_jee_2016.aux

LaTeX Warning: Label `four_one' multiply defined.


LaTeX Warning: Label `four_two' multiply defined.

)
\openout1 = `gvv_jee_2016.aux'.

LaTeX Font Info:    Checking defaults for OML/txmi/m/it on input line 82.
LaTeX Font Info:    Try loading font information for OML+txmi on input line 82.

 (/usr/share/texlive/texmf-dist/tex/latex/txfonts/omltxmi.fd
File: omltxmi.fd 2000/12/15 v3.1
)
LaTeX Font Info:    ... okay on input line 82.
LaTeX Font Info:    Checking defaults for T1/cmr/m/n on input line 82.
LaTeX Font Info:    ... okay on input line 82.
LaTeX Font Info:    Checking defaults for OT1/cmr/m/n on input line 82.
LaTeX Font Info:    ... okay on input line 82.
LaTeX Font Info:    Checking defaults for OMS/txsy/m/n on input line 82.
LaTeX Font Info:    Try loading font information for OMS+txsy on input line 82.


(/usr/share/texlive/texmf-dist/tex/latex/txfonts/omstxsy.fd
File: omstxsy.fd 2000/12/15 v3.1
)
LaTeX Font Info:    ... okay on input line 82.
LaTeX Font Info:    Checking defaults for OMX/txex/m/n on input line 82.
LaTeX Font Info:    Try loading font information for OMX+txex on input line 82.


(/usr/share/texlive/texmf-dist/tex/latex/txfonts/omxtxex.fd
File: omxtxex.fd 2000/12/15 v3.1
)
LaTeX Font Info:    ... okay on input line 82.
LaTeX Font Info:    Checking defaults for U/txexa/m/n on input line 82.
LaTeX Font Info:    Try loading font information for U+txexa on input line 82.

(/usr/share/texlive/texmf-dist/tex/latex/txfonts/utxexa.fd
File: utxexa.fd 2000/12/15 v3.1
)
LaTeX Font Info:    ... okay on input line 82.
LaTeX Font Info:    Try loading font information for OT1+txr on input line 82.

(/usr/share/texlive/texmf-dist/tex/latex/txfonts/ot1txr.fd
File: ot1txr.fd 2000/12/15 v3.1
)
-- Lines per column: 50 (exact).
LaTeX Info: Redefining \celsius on input line 82.
Package gensymb Info: Faking symbols for \degree and \celsius on input line 82.


Package gensymb Warning: Not defining \perthousand.

LaTeX Info: Redefining \ohm on input line 82.
Package gensymb Info: Using \Omega for \ohm on input line 82.

Package gensymb Warning: Not defining \micro.

Package caption Info: Begin \AtBeginDocument code.
Package caption Info: subfig package v1.3 is loaded.
Package caption Info: listings package is loaded.
Package caption Info: longtable package is loaded.
(/usr/share/texlive/texmf-dist/tex/latex/caption/ltcaption.sty
Package: ltcaption 2013/02/03 v1.3-62 longtable captions (AR)
)
Package caption Info: End \AtBeginDocument code.
\c@lstlisting=\count130
\c@theorem=\count131
\c@problem=\count132
\c@proposition=\count133
\c@lemma=\count134
\c@example=\count135
\c@definition=\count136
\c@rem=\count137
File: iith_logo.eps Graphic file (type eps)

<iith_logo.eps>
LaTeX Font Info:    Calculating math sizes for size <24> on input line 225.
LaTeX Font Info:    Try loading font information for U+rsfs on input line 225.
 (/usr/share/texlive/texmf-dist/tex/latex/jknapltx/ursfs.fd
File: ursfs.fd 1998/03/24 rsfs font definition file (jk)
)
LaTeX Font Info:    Try loading font information for U+txmia on input line 225.


(/usr/share/texlive/texmf-dist/tex/latex/txfonts/utxmia.fd
File: utxmia.fd 2000/12/15 v3.1
)
LaTeX Font Info:    Try loading font information for U+txsya on input line 225.


(/usr/share/texlive/texmf-dist/tex/latex/txfonts/utxsya.fd
File: utxsya.fd 2000/12/15 v3.1
)
LaTeX Font Info:    Try loading font information for U+txsyb on input line 225.


(/usr/share/texlive/texmf-dist/tex/latex/txfonts/utxsyb.fd
File: utxsyb.fd 2000/12/15 v3.1
)
LaTeX Font Info:    Try loading font information for U+txsyc on input line 225.


(/usr/share/texlive/texmf-dist/tex/latex/txfonts/utxsyc.fd
File: utxsyc.fd 2000/12/15 v3.1
)
File: tlc.eps Graphic file (type eps)
 <tlc.eps>
LaTeX Font Info:    Calculating math sizes for size <14> on input line 225.
File: iith_logo.eps Graphic file (type eps)

<iith_logo.eps>
File: tlc.eps Graphic file (type eps)
 <tlc.eps>
File: iith_logo.eps Graphic file (type eps)
 <iith_logo.eps>
File: tlc.eps Graphic file (type eps)
 <tlc.eps> (./problems/ee16b1001.tex)
(./codes/ee16b1001.m) (./problems/ee16b1002.tex) (./codes/ee16b1002.m [1


]
LaTeX Font Info:    Try loading font information for OMS+txr on input line 6.

(/usr/share/texlive/texmf-dist/tex/latex/txfonts/omstxr.fd
File: omstxr.fd 2000/12/15 v3.1
)
LaTeX Font Info:    Font shape `OMS/txr/m/n' in size <12> not available
(Font)              Font shape `OMS/txsy/m/n' tried instead on input line 6.
)
(./problems/ee16b1003.tex) (./codes/ee16b1003.m) (./problems/ee16b1004.tex)
(./codes/ee16b1004.m [2])
File: ./figs/ee16b1004.eps Graphic file (type eps)
 <./figs/ee16b1004.eps> (./problems/ee16b1005.tex
Underfull \vbox (badness 10000) has occurred while \output is active []

)
(./codes/ee16b1005.m)
File: ./figs/ee16b1005.eps Graphic file (type eps)
 <./figs/ee16b1005.eps> (./problems/ee16b1006.tex
Underfull \vbox (badness 10000) has occurred while \output is active []

 [3])
(./codes/ee16b1006.m)
File: ./figs/ee16b1006.eps Graphic file (type eps)
 <./figs/ee16b1006.eps> (./problems/ee16b1007.tex [4])
(./codes/ee16b1007.m)
File: ./figs/ee16b1007a.eps Graphic file (type eps)
 <./figs/ee16b1007a.eps>
File: ./figs/ee16b1007b.eps Graphic file (type eps)
 <./figs/ee16b1007b.eps>
(./codes/ee16b1008.m)
File: ./figs/ee16b1008.eps Graphic file (type eps)
 <./figs/ee16b1008.eps> [5] (./problems/ee16b1009.tex)
(./codes/ee16b1009.m)
File: ./figs/ee16b1009.eps Graphic file (type eps)
 <./figs/ee16b1009.eps> (./problems/ee16b1010.tex)
(./codes/ee16b1010.m [6])
File: ./figs/ee16b1010.eps Graphic file (type eps)
 <./figs/ee16b1010.eps> (./problems/ee16b1011.tex)
(./codes/ee16b1011.m [7])
File: ./figs/ee16b1011.eps Graphic file (type eps)
 <./figs/ee16b1011.eps> (./problems/ee16b1012.tex)
(./codes/ee16b1012.m)
File: ./figs/ee16b1012.eps Graphic file (type eps)
 <./figs/ee16b1012.eps> (./codes/ee16b1013.m [8])
File: ./figs/ee16b1013.eps Graphic file (type eps)

<./figs/ee16b1013.eps> (./problems/ee16b1014.tex
Underfull \vbox (badness 10000) has occurred while \output is active []

)
(./codes/ee16b1014.m)
File: ./figs/ee16b1014.eps Graphic file (type eps)
 <./figs/ee16b1014.eps> [9] (./problems/ee16b1015.tex)
(./codes/ee16b1015.m)
File: ./figs/ee16b1015.eps Graphic file (type eps)
 <./figs/ee16b1015.eps>

LaTeX Warning: Command \i invalid in math mode on input line 505.

(./problems/ee16b1016.tex

LaTeX Warning: Command \i invalid in math mode on input line 12.


LaTeX Warning: Command \i invalid in math mode on input line 12.


LaTeX Warning: Command \i invalid in math mode on input line 17.


LaTeX Warning: Command \i invalid in math mode on input line 17.


LaTeX Warning: Command \i invalid in math mode on input line 17.


LaTeX Warning: Command \i invalid in math mode on input line 17.


LaTeX Warning: Command \i invalid in math mode on input line 17.


LaTeX Warning: Command \i invalid in math mode on input line 17.

) (./codes/ee16b1016.m
LaTeX Font Info:    Try loading font information for OML+txr on input line 11.

(/usr/share/texlive/texmf-dist/tex/latex/txfonts/omltxr.fd
File: omltxr.fd 2000/12/15 v3.1
)
LaTeX Font Info:    Font shape `OML/txr/m/n' in size <12> not available
(Font)              Font shape `OML/txmi/m/it' tried instead on input line 11.
)
File: ./figs/ee16b1016.eps Graphic file (type eps)

<./figs/ee16b1016.eps>

LaTeX Warning: `h' float specifier changed to `ht'.

[10] (./problems/ee16b1017.tex) (./codes/ee16b1017.m)
Underfull \vbox (badness 3503) has occurred while \output is active []


(./problems/ee16b1018.tex) (./codes/ee16b1018.m)
Underfull \vbox (badness 10000) has occurred while \output is active []

 [11]
(./codes/ee16b1019.m)
File: ./figs/ee16b1019a.eps Graphic file (type eps)
 <./figs/ee16b1019a.eps>
File: ./figs/ee16b1019b.eps Graphic file (type eps)
 <./figs/ee16b1019b.eps>
File: ./figs/ee16b1019c.eps Graphic file (type eps)

<./figs/ee16b1019c.eps>

LaTeX Warning: `h' float specifier changed to `ht'.

File: ./figs/ee16b1019d.eps Graphic file (type eps)
<./figs/ee16b1019d.eps>

LaTeX Warning: `h' float specifier changed to `ht'.

(./codes/ee16b1020.m [12])
File: ./figs/ee16b1020.eps Graphic file (type eps)
 <./figs/ee16b1020.eps> (./problems/ee16b1021.tex
[13]) (./codes/ee16b1021.m)
File: ./figs/ee16b1021.eps Graphic file (type eps)
 <./figs/ee16b1021.eps>

LaTeX Warning: `h' float specifier changed to `ht'.

(./problems/ee16b1022.tex) (./codes/ee16b1022.m [14])
File: ./figs/ee16b1022.eps Graphic file (type eps)
 <./figs/ee16b1022.eps>
(./problems/ee16b1023.tex) (./codes/ee16b1023.m [15])
File: ./figs/ee16b1023.eps Graphic file (type eps)
 <./figs/ee16b1023.eps>
Underfull \hbox (badness 4621) in paragraph at lines 673--673
[]\OT1/txr/m/n/12 Fig. 23: |Nor-mals to the parabola for var-i-
 []


Underfull \hbox (badness 1874) in paragraph at lines 673--673
\OT1/txr/m/n/12 ous val-ues of $\OML/txmi/m/it/12 t$ \OT1/txr/m/n/12 plot-ted. 
For $\OML/txmi/m/it/12 t \OT1/txr/m/n/12 = []\OML/txmi/m/it/12 ; t[] \OT1/txr/m
/n/12 =
 []

(./problems/ee16b1024.tex) (./codes/ee16b1024.m [16])
File: ./figs/ee16b1024.eps Graphic file (type eps)
 <./figs/ee16b1024.eps>

LaTeX Warning: `h' float specifier changed to `ht'.

(./problems/ee16b1025.tex) (./codes/ee16b1025.m)
File: ./figs/ee16b1025.eps Graphic file (type eps)
 <./figs/ee16b1025.eps>

LaTeX Warning: `h' float specifier changed to `ht'.


LaTeX Warning: Command \i invalid in math mode on input line 710.


LaTeX Warning: Command \i invalid in math mode on input line 710.

(./problems/ee16b1026.tex

LaTeX Warning: Command \i invalid in math mode on input line 9.


LaTeX Warning: Command \i invalid in math mode on input line 9.


LaTeX Warning: Command \i invalid in math mode on input line 9.


LaTeX Warning: Command \i invalid in math mode on input line 9.


Underfull \vbox (badness 10000) has occurred while \output is active []

 [17])
(./codes/ee16b1026.m)
File: ./figs/ee16b1026.eps Graphic file (type eps)
 <./figs/ee16b1026.eps> (./problems/ee16b1027.tex)
(./codes/ee16b1027.m [18]) (./problems/ee16b1028.tex) (./codes/ee16b1028.m)
(./problems/ee16b1029.tex) (./codes/ee16b1029.m)
File: ./figs/ee16b1029.eps Graphic file (type eps)
 <./figs/ee16b1029.eps>
(./problems/ee16b1030.tex) [19] (./codes/ee16b1030.m)
File: ./figs/ee16b1030.eps Graphic file (type eps)
 <./figs/ee16b1030.eps>
Underfull \vbox (badness 10000) has occurred while \output is active []


Underfull \hbox (badness 10000) in paragraph at lines 781--783
\OT1/txr/m/n/12 Sketch the nor-mal to $\OML/txmi/m/it/12 f\OT1/txr/m/n/12 (\OML
/txmi/m/it/12 x\OT1/txr/m/n/12 )$ at $\OML/txmi/m/it/12 x \OT1/txr/m/n/12 = []$
.
 []


Underfull \hbox (badness 10000) in paragraph at lines 781--783
\OT1/txr/m/n/12 Does it pass through any of the points
 []

(./problems/ee16b1031.tex) (./codes/ee16b1031.m
LaTeX Font Info:    Font shape `OMS/txr/m/it' in size <12> not available
(Font)              Font shape `OMS/txsy/m/n' tried instead on input line 12.
 [20])
File: ./figs/ee16b1031.eps Graphic file (type eps)
 <./figs/ee16b1031.eps>
(./problems/ee16b1032.tex) (./codes/ee16b1032.m)
File: ./figs/ee16b1032.eps Graphic file (type eps)
 <./figs/ee16b1032.eps>
Underfull \vbox (badness 6910) has occurred while \output is active []

 [21]
(./codes/ee16b1033.m)
File: ./figs/ee16b1033.eps Graphic file (type eps)
 <./figs/ee16b1033.eps> (./problems/ee16b1034.tex
Overfull \hbox (2.0911pt too wide) in paragraph at lines 44--44
[] 
 []

) (./codes/ee16b1034.m [22])
File: ./figs/ee16b1034.eps Graphic file (type eps)
 <./figs/ee16b1034.eps>

LaTeX Warning: `h' float specifier changed to `ht'.

(./problems/ee16b1035.tex [23]) (./codes/ee16b1035.m)
File: ./figs/ee16b1035.eps Graphic file (type eps)
 <./figs/ee16b1035.eps>

LaTeX Warning: `h' float specifier changed to `ht'.

(./problems/ee16b1036.tex) (./codes/ee16b1036.m [24])
File: ./figs/ee16b1036.eps Graphic file (type eps)
 <./figs/ee16b1036.eps>
(./problems/ee16b1037.tex) (./codes/ee16b1037.m
Underfull \vbox (badness 10000) has occurred while \output is active []

 [25])
File: ./figs/ee16b1037a.eps Graphic file (type eps)

<./figs/ee16b1037a.eps>

LaTeX Warning: `h' float specifier changed to `ht'.

File: ./figs/ee16b1037b.eps Graphic file (type eps)
<./figs/ee16b1037b.eps>

LaTeX Warning: `h' float specifier changed to `ht'.

(./problems/ee16b1038.tex
Underfull \vbox (badness 10000) has occurred while \output is active []

)
(./codes/ee16b1038.m [26])
File: ./figs/ee16b1038.eps Graphic file (type eps)
 <./figs/ee16b1038.eps> (./problems/ee16b1039.tex)
(./codes/ee16b1039.m [27])
File: ./figs/ee16b1039.eps Graphic file (type eps)
 <./figs/ee16b1039.eps> [28

] (./gvv_jee_2016.aux)

LaTeX Warning: There were multiply-defined labels.

 ) 
Here is how much of TeX's memory you used:
 7938 strings out of 495021
 117949 string characters out of 6181350
 358095 words of memory out of 5000000
 10852 multiletter control sequences out of 15000+600000
 67126 words of font info for 166 fonts, out of 8000000 for 9000
 17 hyphenation exceptions out of 8191
 36i,15n,40p,504b,1892s stack positions out of 5000i,500n,10000p,200000b,80000s

Output written on gvv_jee_2016.dvi (28 pages, 241632 bytes).
