\BOOKMARK [1][-]{section.1}{The Right Angled Triangle}{}% 1
\BOOKMARK [2][-]{subsection.1.1}{Sum of Angles}{section.1}% 2
\BOOKMARK [2][-]{subsection.1.2}{Baudhayana Theorem}{section.1}% 3
\BOOKMARK [2][-]{subsection.1.3}{Area of a Triangle}{section.1}% 4
\BOOKMARK [1][-]{section.2}{Medians of a Triangle}{}% 5
\BOOKMARK [2][-]{subsection.2.1}{Median}{section.2}% 6
\BOOKMARK [1][-]{section.3}{Angle and Perpendicular Bisectors}{}% 7
\BOOKMARK [2][-]{subsection.3.1}{Angle Bisectors}{section.3}% 8
\BOOKMARK [2][-]{subsection.3.2}{Congruent Triangles}{section.3}% 9
\BOOKMARK [2][-]{subsection.3.3}{Perpendicular Bisectors}{section.3}% 10
\BOOKMARK [2][-]{subsection.3.4}{Perpendiculars from Vertex to Opposite Side}{section.3}% 11
\BOOKMARK [1][-]{section.4}{Triangle Inequalities}{}% 12
\BOOKMARK [1][-]{section.5}{Triangle Exercises}{}% 13
\BOOKMARK [1][-]{section.6}{Quadrilateral Exercises}{}% 14
\BOOKMARK [1][-]{section.7}{Circle}{}% 15
\BOOKMARK [2][-]{subsection.7.1}{Chord of a Circle}{section.7}% 16
\BOOKMARK [2][-]{subsection.7.2}{Chords of a circle}{section.7}% 17
\BOOKMARK [1][-]{section.8}{Area of a Circle}{}% 18
\BOOKMARK [2][-]{subsection.8.1}{The Regular Polygon}{section.8}% 19
\BOOKMARK [1][-]{section.9}{Circle Exercises}{}% 20
