\BOOKMARK [1][-]{section.1}{Triangle}{}% 1
\BOOKMARK [1][-]{section.2}{Quadrilateral}{}% 2
\BOOKMARK [1][-]{section.3}{Line}{}% 3
\BOOKMARK [1][-]{section.4}{Plane}{}% 4
\BOOKMARK [1][-]{section.5}{Pseudo Inverse}{}% 5
\BOOKMARK [1][-]{section.6}{Quadratic Forms}{}% 6
\BOOKMARK [1][-]{section.7}{Tangents and Normals}{}% 7
\BOOKMARK [1][-]{section.8}{Circle}{}% 8
\BOOKMARK [1][-]{section.9}{Ellipse}{}% 9
\BOOKMARK [1][-]{section.10}{Hyperbola}{}% 10
\BOOKMARK [1][-]{section.11}{Parabola}{}% 11
\BOOKMARK [1][-]{section.12}{Vector Calculus}{}% 12
\BOOKMARK [1][-]{section.13}{Vector Inequalities}{}% 13
\BOOKMARK [1][-]{section.14}{QR Decomposition}{}% 14
\BOOKMARK [1][-]{section.15}{Singular Value Decomposition}{}% 15
\BOOKMARK [1][-]{section.16}{Optimization}{}% 16
\BOOKMARK [1][-]{section.17}{Convex Function}{}% 17
\BOOKMARK [1][-]{section.18}{Gradient Descent}{}% 18
\BOOKMARK [1][-]{section.19}{Lagrange Multipliers}{}% 19
\BOOKMARK [1][-]{section.20}{Quadratic Programming}{}% 20
\BOOKMARK [1][-]{section.21}{Semi Definite Programming}{}% 21
\BOOKMARK [1][-]{section.22}{Linear Programming}{}% 22
\BOOKMARK [1][-]{section*.33}{Appendix A: Proofs for the Conic Sections}{}% 23
