This is pdfTeX, Version 3.14159265-2.6-1.40.17 (TeX Live 2016/Debian) (preloaded format=latex 2018.7.30)  18 AUG 2018 10:25
entering extended mode
 restricted \write18 enabled.
 %&-line parsing enabled.
**gvv_jee_2016_python.tex
(./gvv_jee_2016_python.tex
LaTeX2e <2017/01/01> patch level 3
Babel <3.9r> and hyphenation patterns for 3 language(s) loaded.
(/usr/share/texlive/texmf-dist/tex/latex/IEEEtran/IEEEtran.cls
Document Class: IEEEtran 2015/08/26 V1.8b by Michael Shell
-- See the "IEEEtran_HOWTO" manual for usage information.
-- http://www.michaelshell.org/tex/ieeetran/
\@IEEEtrantmpdimenA=\dimen102
\@IEEEtrantmpdimenB=\dimen103
\@IEEEtrantmpdimenC=\dimen104
\@IEEEtrantmpcountA=\count79
\@IEEEtrantmpcountB=\count80
\@IEEEtrantmpcountC=\count81
\@IEEEtrantmptoksA=\toks14
LaTeX Font Info:    Try loading font information for OT1+ptm on input line 503.

(/usr/share/texlive/texmf-dist/tex/latex/psnfss/ot1ptm.fd
File: ot1ptm.fd 2001/06/04 font definitions for OT1/ptm.
)
-- Using 8.5in x 11in (letter) paper.
-- Using DVI output.
\@IEEEnormalsizeunitybaselineskip=\dimen105
-- This is a 12 point document.
\CLASSINFOnormalsizebaselineskip=\dimen106
\CLASSINFOnormalsizeunitybaselineskip=\dimen107
\IEEEnormaljot=\dimen108
LaTeX Font Info:    Font shape `OT1/ptm/bx/n' in size <6> not available
(Font)              Font shape `OT1/ptm/b/n' tried instead on input line 1090.
LaTeX Font Info:    Font shape `OT1/ptm/bx/it' in size <6> not available
(Font)              Font shape `OT1/ptm/b/it' tried instead on input line 1090.

LaTeX Font Info:    Font shape `OT1/ptm/bx/n' in size <8> not available
(Font)              Font shape `OT1/ptm/b/n' tried instead on input line 1090.
LaTeX Font Info:    Font shape `OT1/ptm/bx/it' in size <8> not available
(Font)              Font shape `OT1/ptm/b/it' tried instead on input line 1090.

LaTeX Font Info:    Font shape `OT1/ptm/bx/n' in size <9> not available
(Font)              Font shape `OT1/ptm/b/n' tried instead on input line 1090.
LaTeX Font Info:    Font shape `OT1/ptm/bx/it' in size <9> not available
(Font)              Font shape `OT1/ptm/b/it' tried instead on input line 1090.

LaTeX Font Info:    Font shape `OT1/ptm/bx/n' in size <10> not available
(Font)              Font shape `OT1/ptm/b/n' tried instead on input line 1090.
LaTeX Font Info:    Font shape `OT1/ptm/bx/it' in size <10> not available
(Font)              Font shape `OT1/ptm/b/it' tried instead on input line 1090.

LaTeX Font Info:    Font shape `OT1/ptm/bx/n' in size <12> not available
(Font)              Font shape `OT1/ptm/b/n' tried instead on input line 1090.
LaTeX Font Info:    Font shape `OT1/ptm/bx/it' in size <12> not available
(Font)              Font shape `OT1/ptm/b/it' tried instead on input line 1090.

LaTeX Font Info:    Font shape `OT1/ptm/bx/n' in size <14> not available
(Font)              Font shape `OT1/ptm/b/n' tried instead on input line 1090.
LaTeX Font Info:    Font shape `OT1/ptm/bx/it' in size <14> not available
(Font)              Font shape `OT1/ptm/b/it' tried instead on input line 1090.

LaTeX Font Info:    Font shape `OT1/ptm/bx/n' in size <20> not available
(Font)              Font shape `OT1/ptm/b/n' tried instead on input line 1090.
LaTeX Font Info:    Font shape `OT1/ptm/bx/it' in size <20> not available
(Font)              Font shape `OT1/ptm/b/it' tried instead on input line 1090.

LaTeX Font Info:    Font shape `OT1/ptm/bx/n' in size <22> not available
(Font)              Font shape `OT1/ptm/b/n' tried instead on input line 1090.
LaTeX Font Info:    Font shape `OT1/ptm/bx/it' in size <22> not available
(Font)              Font shape `OT1/ptm/b/it' tried instead on input line 1090.

LaTeX Font Info:    Font shape `OT1/ptm/bx/n' in size <24> not available
(Font)              Font shape `OT1/ptm/b/n' tried instead on input line 1090.
LaTeX Font Info:    Font shape `OT1/ptm/bx/it' in size <24> not available
(Font)              Font shape `OT1/ptm/b/it' tried instead on input line 1090.

\IEEEquantizedlength=\dimen109
\IEEEquantizedlengthdiff=\dimen110
\IEEEquantizedtextheightdiff=\dimen111
\IEEEilabelindentA=\dimen112
\IEEEilabelindentB=\dimen113
\IEEEilabelindent=\dimen114
\IEEEelabelindent=\dimen115
\IEEEdlabelindent=\dimen116
\IEEElabelindent=\dimen117
\IEEEiednormlabelsep=\dimen118
\IEEEiedmathlabelsep=\dimen119
\IEEEiedtopsep=\skip41
\c@section=\count82
\c@subsection=\count83
\c@subsubsection=\count84
\c@paragraph=\count85
\c@IEEEsubequation=\count86
\abovecaptionskip=\skip42
\belowcaptionskip=\skip43
\c@figure=\count87
\c@table=\count88
\@IEEEeqnnumcols=\count89
\@IEEEeqncolcnt=\count90
\@IEEEsubeqnnumrollback=\count91
\@IEEEquantizeheightA=\dimen120
\@IEEEquantizeheightB=\dimen121
\@IEEEquantizeheightC=\dimen122
\@IEEEquantizeprevdepth=\dimen123
\@IEEEquantizemultiple=\count92
\@IEEEquantizeboxA=\box26
\@IEEEtmpitemindent=\dimen124
\IEEEPARstartletwidth=\dimen125
\c@IEEEbiography=\count93
\@IEEEtranrubishbin=\box27
) (/usr/share/texlive/texmf-dist/tex/latex/setspace/setspace.sty
Package: setspace 2011/12/19 v6.7a set line spacing
)
(/usr/share/texlive/texmf-dist/tex/latex/was/gensymb.sty
Package: gensymb 2003/07/02 v1.0 (WaS)
)
(/usr/share/texlive/texmf-dist/tex/latex/xcolor/xcolor.sty
Package: xcolor 2016/05/11 v2.12 LaTeX color extensions (UK)

(/usr/share/texlive/texmf-dist/tex/latex/graphics-cfg/color.cfg
File: color.cfg 2016/01/02 v1.6 sample color configuration
)
Package xcolor Info: Driver file: dvips.def on input line 225.

(/usr/share/texlive/texmf-dist/tex/latex/graphics-def/dvips.def
File: dvips.def 2016/07/10 v3.1a Driver-dependent file (DPC,SPQR)
)
Package xcolor Info: Model `cmy' substituted by `cmy0' on input line 1348.
Package xcolor Info: Model `RGB' extended on input line 1364.
Package xcolor Info: Model `HTML' substituted by `rgb' on input line 1366.
Package xcolor Info: Model `Hsb' substituted by `hsb' on input line 1367.
Package xcolor Info: Model `tHsb' substituted by `hsb' on input line 1368.
Package xcolor Info: Model `HSB' substituted by `hsb' on input line 1369.
Package xcolor Info: Model `Gray' substituted by `gray' on input line 1370.
Package xcolor Info: Model `wave' substituted by `hsb' on input line 1371.
)
(/usr/share/texlive/texmf-dist/tex/latex/caption/caption.sty
Package: caption 2016/02/21 v3.3-144 Customizing captions (AR)

(/usr/share/texlive/texmf-dist/tex/latex/caption/caption3.sty
Package: caption3 2016/05/22 v1.7-166 caption3 kernel (AR)
Package caption3 Info: TeX engine: e-TeX on input line 67.

(/usr/share/texlive/texmf-dist/tex/latex/graphics/keyval.sty
Package: keyval 2014/10/28 v1.15 key=value parser (DPC)
\KV@toks@=\toks15
)
\captionmargin=\dimen126
\captionmargin@=\dimen127
\captionwidth=\dimen128
\caption@tempdima=\dimen129
\caption@indent=\dimen130
\caption@parindent=\dimen131
\caption@hangindent=\dimen132
Package caption Info: Unknown document class (or package),
(caption)             standard defaults will be used.
)

Package caption Warning: Unsupported document class (or package) detected,
(caption)                usage of the caption package is not recommended.
See the caption package documentation for explanation.

Package caption Info: \@makecaption = \long macro:#1#2->\ifx \@captype \@IEEEta
blestring \footnotesize \bgroup \par \centering \@IEEEtabletopskipstrut {\norma
lfont \footnotesize #1}\\{\normalfont \footnotesize \scshape #2}\par \addvspace
 {0.5\baselineskip }\egroup \@IEEEtablecaptionsepspace \else \@IEEEfigurecaptio
nsepspace \setbox \@tempboxa \hbox {\normalfont \footnotesize {#1.}\nobreakspac
e \nobreakspace #2}\ifdim \wd \@tempboxa >\hsize \setbox \@tempboxa \hbox {\nor
malfont \footnotesize {#1.}\nobreakspace \nobreakspace }\parbox [t]{\hsize }{\n
ormalfont \footnotesize \noindent \unhbox \@tempboxa #2}\else \ifCLASSOPTIONcon
ference \hbox to\hsize {\normalfont \footnotesize \hfil \box \@tempboxa \hfil }
\else \hbox to\hsize {\normalfont \footnotesize \box \@tempboxa \hfil }\fi \fi 
\fi .
\c@ContinuedFloat=\count94
) (/usr/share/texlive/texmf-dist/tex/latex/amsmath/amsmath.sty
Package: amsmath 2016/11/05 v2.16a AMS math features
\@mathmargin=\skip44

For additional information on amsmath, use the `?' option.
(/usr/share/texlive/texmf-dist/tex/latex/amsmath/amstext.sty
Package: amstext 2000/06/29 v2.01 AMS text

(/usr/share/texlive/texmf-dist/tex/latex/amsmath/amsgen.sty
File: amsgen.sty 1999/11/30 v2.0 generic functions
\@emptytoks=\toks16
\ex@=\dimen133
))
(/usr/share/texlive/texmf-dist/tex/latex/amsmath/amsbsy.sty
Package: amsbsy 1999/11/29 v1.2d Bold Symbols
\pmbraise@=\dimen134
)
(/usr/share/texlive/texmf-dist/tex/latex/amsmath/amsopn.sty
Package: amsopn 2016/03/08 v2.02 operator names
)
\inf@bad=\count95
LaTeX Info: Redefining \frac on input line 213.
\uproot@=\count96
\leftroot@=\count97
LaTeX Info: Redefining \overline on input line 375.
\classnum@=\count98
\DOTSCASE@=\count99
LaTeX Info: Redefining \ldots on input line 472.
LaTeX Info: Redefining \dots on input line 475.
LaTeX Info: Redefining \cdots on input line 596.
\Mathstrutbox@=\box28
\strutbox@=\box29
\big@size=\dimen135
LaTeX Font Info:    Redeclaring font encoding OML on input line 712.
LaTeX Font Info:    Redeclaring font encoding OMS on input line 713.
\macc@depth=\count100
\c@MaxMatrixCols=\count101
\dotsspace@=\muskip10
\c@parentequation=\count102
\dspbrk@lvl=\count103
\tag@help=\toks17
\row@=\count104
\column@=\count105
\maxfields@=\count106
\andhelp@=\toks18
\eqnshift@=\dimen136
\alignsep@=\dimen137
\tagshift@=\dimen138
\tagwidth@=\dimen139
\totwidth@=\dimen140
\lineht@=\dimen141
\@envbody=\toks19
\multlinegap=\skip45
\multlinetaggap=\skip46
\mathdisplay@stack=\toks20
LaTeX Info: Redefining \[ on input line 2817.
LaTeX Info: Redefining \] on input line 2818.
)
(/usr/share/texlive/texmf-dist/tex/latex/mathtools/mathtools.sty
Package: mathtools 2015/11/12 v1.18 mathematical typesetting tools

(/usr/share/texlive/texmf-dist/tex/latex/tools/calc.sty
Package: calc 2014/10/28 v4.3 Infix arithmetic (KKT,FJ)
\calc@Acount=\count107
\calc@Bcount=\count108
\calc@Adimen=\dimen142
\calc@Bdimen=\dimen143
\calc@Askip=\skip47
\calc@Bskip=\skip48
LaTeX Info: Redefining \setlength on input line 80.
LaTeX Info: Redefining \addtolength on input line 81.
\calc@Ccount=\count109
\calc@Cskip=\skip49
)
(/usr/share/texlive/texmf-dist/tex/latex/mathtools/mhsetup.sty
Package: mhsetup 2010/01/21 v1.2a programming setup (MH)
)
LaTeX Info: Thecontrolsequence`\('isalreadyrobust on input line 129.
LaTeX Info: Thecontrolsequence`\)'isalreadyrobust on input line 129.
LaTeX Info: Thecontrolsequence`\['isalreadyrobust on input line 129.
LaTeX Info: Thecontrolsequence`\]'isalreadyrobust on input line 129.
\g_MT_multlinerow_int=\count110
\l_MT_multwidth_dim=\dimen144
\origjot=\skip50
\l_MT_shortvdotswithinadjustabove_dim=\dimen145
\l_MT_shortvdotswithinadjustbelow_dim=\dimen146
\l_MT_above_intertext_sep=\dimen147
\l_MT_below_intertext_sep=\dimen148
\l_MT_above_shortintertext_sep=\dimen149
\l_MT_below_shortintertext_sep=\dimen150
)
(/usr/share/texlive/texmf-dist/tex/latex/amscls/amsthm.sty
Package: amsthm 2015/03/04 v2.20.2
\thm@style=\toks21
\thm@bodyfont=\toks22
\thm@headfont=\toks23
\thm@notefont=\toks24
\thm@headpunct=\toks25
\thm@preskip=\skip51
\thm@postskip=\skip52
\thm@headsep=\skip53
\dth@everypar=\toks26
)
(/usr/share/texlive/texmf-dist/tex/latex/jknapltx/mathrsfs.sty
Package: mathrsfs 1996/01/01 Math RSFS package v1.0 (jk)
\symrsfs=\mathgroup4
)
(/usr/share/texlive/texmf-dist/tex/latex/txfonts/txfonts.sty
Package: txfonts 2008/01/22 v3.2.1
LaTeX Font Info:    Redeclaring symbol font `operators' on input line 21.
LaTeX Font Info:    Overwriting symbol font `operators' in version `normal'
(Font)                  OT1/cmr/m/n --> OT1/txr/m/n on input line 21.
LaTeX Font Info:    Overwriting symbol font `operators' in version `bold'
(Font)                  OT1/cmr/bx/n --> OT1/txr/m/n on input line 21.
LaTeX Font Info:    Overwriting symbol font `operators' in version `bold'
(Font)                  OT1/txr/m/n --> OT1/txr/bx/n on input line 22.
\symitalic=\mathgroup5
LaTeX Font Info:    Overwriting symbol font `italic' in version `bold'
(Font)                  OT1/txr/m/it --> OT1/txr/bx/it on input line 26.
LaTeX Font Info:    Redeclaring math alphabet \mathbf on input line 29.
LaTeX Font Info:    Overwriting math alphabet `\mathbf' in version `normal'
(Font)                  OT1/cmr/bx/n --> OT1/txr/bx/n on input line 29.
LaTeX Font Info:    Overwriting math alphabet `\mathbf' in version `bold'
(Font)                  OT1/cmr/bx/n --> OT1/txr/bx/n on input line 29.
LaTeX Font Info:    Redeclaring math alphabet \mathit on input line 30.
LaTeX Font Info:    Overwriting math alphabet `\mathit' in version `normal'
(Font)                  OT1/cmr/m/it --> OT1/txr/m/it on input line 30.
LaTeX Font Info:    Overwriting math alphabet `\mathit' in version `bold'
(Font)                  OT1/cmr/bx/it --> OT1/txr/m/it on input line 30.
LaTeX Font Info:    Overwriting math alphabet `\mathit' in version `bold'
(Font)                  OT1/txr/m/it --> OT1/txr/bx/it on input line 31.
LaTeX Font Info:    Redeclaring math alphabet \mathsf on input line 40.
LaTeX Font Info:    Overwriting math alphabet `\mathsf' in version `normal'
(Font)                  OT1/cmss/m/n --> OT1/txss/m/n on input line 40.
LaTeX Font Info:    Overwriting math alphabet `\mathsf' in version `bold'
(Font)                  OT1/cmss/bx/n --> OT1/txss/m/n on input line 40.
LaTeX Font Info:    Overwriting math alphabet `\mathsf' in version `bold'
(Font)                  OT1/txss/m/n --> OT1/txss/b/n on input line 41.
LaTeX Font Info:    Redeclaring math alphabet \mathtt on input line 50.
LaTeX Font Info:    Overwriting math alphabet `\mathtt' in version `normal'
(Font)                  OT1/cmtt/m/n --> OT1/txtt/m/n on input line 50.
LaTeX Font Info:    Overwriting math alphabet `\mathtt' in version `bold'
(Font)                  OT1/cmtt/m/n --> OT1/txtt/m/n on input line 50.
LaTeX Font Info:    Overwriting math alphabet `\mathtt' in version `bold'
(Font)                  OT1/txtt/m/n --> OT1/txtt/b/n on input line 51.
LaTeX Font Info:    Redeclaring symbol font `letters' on input line 58.
LaTeX Font Info:    Overwriting symbol font `letters' in version `normal'
(Font)                  OML/cmm/m/it --> OML/txmi/m/it on input line 58.
LaTeX Font Info:    Overwriting symbol font `letters' in version `bold'
(Font)                  OML/cmm/b/it --> OML/txmi/m/it on input line 58.
LaTeX Font Info:    Overwriting symbol font `letters' in version `bold'
(Font)                  OML/txmi/m/it --> OML/txmi/bx/it on input line 59.
\symlettersA=\mathgroup6
LaTeX Font Info:    Overwriting symbol font `lettersA' in version `bold'
(Font)                  U/txmia/m/it --> U/txmia/bx/it on input line 67.
LaTeX Font Info:    Redeclaring symbol font `symbols' on input line 77.
LaTeX Font Info:    Overwriting symbol font `symbols' in version `normal'
(Font)                  OMS/cmsy/m/n --> OMS/txsy/m/n on input line 77.
LaTeX Font Info:    Overwriting symbol font `symbols' in version `bold'
(Font)                  OMS/cmsy/b/n --> OMS/txsy/m/n on input line 77.
LaTeX Font Info:    Overwriting symbol font `symbols' in version `bold'
(Font)                  OMS/txsy/m/n --> OMS/txsy/bx/n on input line 78.
\symAMSa=\mathgroup7
LaTeX Font Info:    Overwriting symbol font `AMSa' in version `bold'
(Font)                  U/txsya/m/n --> U/txsya/bx/n on input line 94.
\symAMSb=\mathgroup8
LaTeX Font Info:    Overwriting symbol font `AMSb' in version `bold'
(Font)                  U/txsyb/m/n --> U/txsyb/bx/n on input line 103.
\symsymbolsC=\mathgroup9
LaTeX Font Info:    Overwriting symbol font `symbolsC' in version `bold'
(Font)                  U/txsyc/m/n --> U/txsyc/bx/n on input line 113.
LaTeX Font Info:    Redeclaring symbol font `largesymbols' on input line 120.
LaTeX Font Info:    Overwriting symbol font `largesymbols' in version `normal'
(Font)                  OMX/cmex/m/n --> OMX/txex/m/n on input line 120.
LaTeX Font Info:    Overwriting symbol font `largesymbols' in version `bold'
(Font)                  OMX/cmex/m/n --> OMX/txex/m/n on input line 120.
LaTeX Font Info:    Overwriting symbol font `largesymbols' in version `bold'
(Font)                  OMX/txex/m/n --> OMX/txex/bx/n on input line 121.
\symlargesymbolsA=\mathgroup10
LaTeX Font Info:    Overwriting symbol font `largesymbolsA' in version `bold'
(Font)                  U/txexa/m/n --> U/txexa/bx/n on input line 129.
LaTeX Info: Redefining \not on input line 1043.
LaTeX Info: Redefining \textsquare on input line 1063.
LaTeX Info: Redefining \openbox on input line 1064.
)
(/usr/share/texlive/texmf-dist/tex/latex/sttools/stfloats.sty
Package: stfloats 2016/06/28 v3.2 Improve float mechanism and baselineskip sett
ings
\@dblbotnum=\count111
\c@dblbotnumber=\count112
)
(/usr/share/texlive/texmf-dist/tex/latex/cite/cite.sty
LaTeX Info: Redefining \cite on input line 302.
LaTeX Info: Redefining \nocite on input line 332.
Package: cite 2015/02/27  v 5.5
)
(/usr/share/texlive/texmf-dist/tex/latex/cases/cases.sty
Package: cases 2002/05/02 ver 2.5 
)
(/usr/share/texlive/texmf-dist/tex/latex/subfig/subfig.sty
Package: subfig 2005/06/28 ver: 1.3 subfig package
\c@KVtest=\count113
\sf@farskip=\skip54
\sf@captopadj=\dimen151
\sf@capskip=\skip55
\sf@nearskip=\skip56
\c@subfigure=\count114
\c@subfigure@save=\count115
\c@lofdepth=\count116
\c@subtable=\count117
\c@subtable@save=\count118
\c@lotdepth=\count119
\sf@top=\skip57
\sf@bottom=\skip58
)
(/usr/share/texlive/texmf-dist/tex/latex/tools/longtable.sty
Package: longtable 2014/10/28 v4.11 Multi-page Table package (DPC)
\LTleft=\skip59
\LTright=\skip60
\LTpre=\skip61
\LTpost=\skip62
\LTchunksize=\count120
\LTcapwidth=\dimen152
\LT@head=\box30
\LT@firsthead=\box31
\LT@foot=\box32
\LT@lastfoot=\box33
\LT@cols=\count121
\LT@rows=\count122
\c@LT@tables=\count123
\c@LT@chunks=\count124
\LT@p@ftn=\toks27
)
(/usr/share/texlive/texmf-dist/tex/latex/multirow/multirow.sty
Package: multirow 2016/11/25 v2.2 Span multiple rows of a table
\multirow@colwidth=\skip63
\multirow@cntb=\count125
\multirow@dima=\skip64
\bigstrutjot=\dimen153
)
(/usr/share/texlive/texmf-dist/tex/latex/enumitem/enumitem.sty
Package: enumitem 2011/09/28 v3.5.2 Customized lists
\labelindent=\skip65
\enit@outerparindent=\dimen154
\enit@toks=\toks28
\enit@inbox=\box34
\enitdp@description=\count126
)
(/home/linaro/texmf/tex/latex/iithtlc/iithtlc.sty
Package: iithtlc 10/04/2016 IITH TLC

(/usr/share/texlive/texmf-dist/tex/latex/graphics/graphicx.sty
Package: graphicx 2014/10/28 v1.0g Enhanced LaTeX Graphics (DPC,SPQR)

(/usr/share/texlive/texmf-dist/tex/latex/graphics/graphics.sty
Package: graphics 2016/10/09 v1.0u Standard LaTeX Graphics (DPC,SPQR)

(/usr/share/texlive/texmf-dist/tex/latex/graphics/trig.sty
Package: trig 2016/01/03 v1.10 sin cos tan (DPC)
)
(/usr/share/texlive/texmf-dist/tex/latex/graphics-cfg/graphics.cfg
File: graphics.cfg 2016/06/04 v1.11 sample graphics configuration
)
Package graphics Info: Driver file: dvips.def on input line 99.
)
\Gin@req@height=\dimen155
\Gin@req@width=\dimen156
))
(/usr/share/texlive/texmf-dist/tex/latex/listings/listings.sty
\lst@mode=\count127
\lst@gtempboxa=\box35
\lst@token=\toks29
\lst@length=\count128
\lst@currlwidth=\dimen157
\lst@column=\count129
\lst@pos=\count130
\lst@lostspace=\dimen158
\lst@width=\dimen159
\lst@newlines=\count131
\lst@lineno=\count132
\lst@maxwidth=\dimen160

(/usr/share/texlive/texmf-dist/tex/latex/listings/lstmisc.sty
File: lstmisc.sty 2015/06/04 1.6 (Carsten Heinz)
\c@lstnumber=\count133
\lst@skipnumbers=\count134
\lst@framebox=\box36
)
(/usr/share/texlive/texmf-dist/tex/latex/listings/listings.cfg
File: listings.cfg 2015/06/04 1.6 listings configuration
))
Package: listings 2015/06/04 1.6 (Carsten Heinz)

(/usr/share/texlive/texmf-dist/tex/latex/listings/lstlang1.sty
File: lstlang1.sty 2015/06/04 1.6 listings language file
)
(./gvv_jee_2016_python.aux

LaTeX Warning: Label `four_one' multiply defined.


LaTeX Warning: Label `four_two' multiply defined.

)
\openout1 = `gvv_jee_2016_python.aux'.

LaTeX Font Info:    Checking defaults for OML/txmi/m/it on input line 82.
LaTeX Font Info:    Try loading font information for OML+txmi on input line 82.

 (/usr/share/texlive/texmf-dist/tex/latex/txfonts/omltxmi.fd
File: omltxmi.fd 2000/12/15 v3.1
)
LaTeX Font Info:    ... okay on input line 82.
LaTeX Font Info:    Checking defaults for T1/cmr/m/n on input line 82.
LaTeX Font Info:    ... okay on input line 82.
LaTeX Font Info:    Checking defaults for OT1/cmr/m/n on input line 82.
LaTeX Font Info:    ... okay on input line 82.
LaTeX Font Info:    Checking defaults for OMS/txsy/m/n on input line 82.
LaTeX Font Info:    Try loading font information for OMS+txsy on input line 82.


(/usr/share/texlive/texmf-dist/tex/latex/txfonts/omstxsy.fd
File: omstxsy.fd 2000/12/15 v3.1
)
LaTeX Font Info:    ... okay on input line 82.
LaTeX Font Info:    Checking defaults for OMX/txex/m/n on input line 82.
LaTeX Font Info:    Try loading font information for OMX+txex on input line 82.


(/usr/share/texlive/texmf-dist/tex/latex/txfonts/omxtxex.fd
File: omxtxex.fd 2000/12/15 v3.1
)
LaTeX Font Info:    ... okay on input line 82.
LaTeX Font Info:    Checking defaults for U/txexa/m/n on input line 82.
LaTeX Font Info:    Try loading font information for U+txexa on input line 82.

(/usr/share/texlive/texmf-dist/tex/latex/txfonts/utxexa.fd
File: utxexa.fd 2000/12/15 v3.1
)
LaTeX Font Info:    ... okay on input line 82.
LaTeX Font Info:    Try loading font information for OT1+txr on input line 82.

(/usr/share/texlive/texmf-dist/tex/latex/txfonts/ot1txr.fd
File: ot1txr.fd 2000/12/15 v3.1
)
-- Lines per column: 50 (exact).
LaTeX Info: Redefining \celsius on input line 82.
Package gensymb Info: Faking symbols for \degree and \celsius on input line 82.


Package gensymb Warning: Not defining \perthousand.

LaTeX Info: Redefining \ohm on input line 82.
Package gensymb Info: Using \Omega for \ohm on input line 82.

Package gensymb Warning: Not defining \micro.

Package caption Info: Begin \AtBeginDocument code.
Package caption Info: subfig package v1.3 is loaded.
Package caption Info: listings package is loaded.
Package caption Info: longtable package is loaded.
(/usr/share/texlive/texmf-dist/tex/latex/caption/ltcaption.sty
Package: ltcaption 2013/06/09 v1.4-94 longtable captions (AR)
)
Package caption Info: End \AtBeginDocument code.
\c@lstlisting=\count135
\c@theorem=\count136
\c@problem=\count137
\c@proposition=\count138
\c@lemma=\count139
\c@example=\count140
\c@definition=\count141
\c@rem=\count142
File: iith_logo.eps Graphic file (type eps)

<iith_logo.eps>
LaTeX Font Info:    Calculating math sizes for size <24> on input line 228.
LaTeX Font Info:    Try loading font information for U+rsfs on input line 228.
 (/usr/share/texlive/texmf-dist/tex/latex/jknapltx/ursfs.fd
File: ursfs.fd 1998/03/24 rsfs font definition file (jk)
)
LaTeX Font Info:    Try loading font information for U+txmia on input line 228.


(/usr/share/texlive/texmf-dist/tex/latex/txfonts/utxmia.fd
File: utxmia.fd 2000/12/15 v3.1
)
LaTeX Font Info:    Try loading font information for U+txsya on input line 228.


(/usr/share/texlive/texmf-dist/tex/latex/txfonts/utxsya.fd
File: utxsya.fd 2000/12/15 v3.1
)
LaTeX Font Info:    Try loading font information for U+txsyb on input line 228.


(/usr/share/texlive/texmf-dist/tex/latex/txfonts/utxsyb.fd
File: utxsyb.fd 2000/12/15 v3.1
)
LaTeX Font Info:    Try loading font information for U+txsyc on input line 228.


(/usr/share/texlive/texmf-dist/tex/latex/txfonts/utxsyc.fd
File: utxsyc.fd 2000/12/15 v3.1
)
File: tlc.eps Graphic file (type eps)
 <tlc.eps>
LaTeX Font Info:    Calculating math sizes for size <14> on input line 228.
File: iith_logo.eps Graphic file (type eps)

<iith_logo.eps>
File: tlc.eps Graphic file (type eps)
 <tlc.eps>
File: iith_logo.eps Graphic file (type eps)
 <iith_logo.eps>
File: tlc.eps Graphic file (type eps)
 <tlc.eps> (./problems/ee16b1002.tex)
(./codes/ee16b1002.py) (./problems/ee16b1003.tex) (./codes/ee16b1003.py
LaTeX Font Info:    Try loading font information for OMS+txr on input line 1.

(/usr/share/texlive/texmf-dist/tex/latex/txfonts/omstxr.fd
File: omstxr.fd 2000/12/15 v3.1
)
LaTeX Font Info:    Font shape `OMS/txr/m/n' in size <12> not available
(Font)              Font shape `OMS/txsy/m/n' tried instead on input line 1.
 [1


])
(./problems/ee16b1004.tex) (./codes/ee16b1004.py)
File: ./figs/ee16b1004.eps Graphic file (type eps)
 <./figs/ee16b1004.eps>
(./problems/ee16b1005.tex
Underfull \vbox (badness 10000) has occurred while \output is active []

 [2])
(./codes/ee16b1005.py)
File: ./figs/ee16b1005.eps Graphic file (type eps)
 <./figs/ee16b1005.eps> (./problems/ee16b1006.tex
Underfull \vbox (badness 10000) has occurred while \output is active []

 [3])
(./codes/ee16b1006.py)
File: ./figs/ee16b1006.eps Graphic file (type eps)
 <./figs/ee16b1006.eps> (./problems/ee16b1007.tex)
(./codes/ee16b1007.py [4]
LaTeX Font Info:    Font shape `OMS/txr/m/it' in size <12> not available
(Font)              Font shape `OMS/txsy/m/n' tried instead on input line 7.
)
File: ./figs/ee16b1007a.eps Graphic file (type eps)
 <./figs/ee16b1007a.eps>

LaTeX Warning: `!h' float specifier changed to `!ht'.

File: ./figs/ee16b1007b.eps Graphic file (type eps)
<./figs/ee16b1007b.eps>

LaTeX Warning: `!h' float specifier changed to `!ht'.


Underfull \vbox (badness 10000) has occurred while \output is active []


(./codes/ee16b1008.py [5])
File: ./figs/ee16b1008.eps Graphic file (type eps)
 <./figs/ee16b1008.eps> (./problems/ee16b1009.tex)
(./codes/ee16b1009.py)
File: ./figs/ee16b1009.eps Graphic file (type eps)
 <./figs/ee16b1009.eps> (./problems/ee16b1010.tex)
(./codes/ee16b1010.py [6]
Underfull \vbox (badness 4886) has occurred while \output is active []

)
File: ./figs/ee16b1010.eps Graphic file (type eps)

<./figs/ee16b1010.eps> (./problems/ee16b1011.tex
Underfull \vbox (badness 1072) has occurred while \output is active []

 [7])
(./codes/ee16b1011.py)
File: ./figs/ee16b1011.eps Graphic file (type eps)
 <./figs/ee16b1011.eps> (./problems/ee16b1012.tex
Underfull \vbox (badness 4556) has occurred while \output is active []

)
(./codes/ee16b1012.py [8])
File: ./figs/ee16b1012.eps Graphic file (type eps)
 <./figs/ee16b1012.eps> (./codes/ee16b1013.py)
File: ./figs/ee16b1013.eps Graphic file (type eps)

<./figs/ee16b1013.eps>

LaTeX Warning: `h' float specifier changed to `ht'.

(./problems/ee16b1014.tex
Underfull \vbox (badness 4531) has occurred while \output is active []

)
(./codes/ee16b1014.py)
File: ./figs/ee16b1014.eps Graphic file (type eps)
 <./figs/ee16b1014.eps> [9] (./problems/ee16b1015.tex)
(./codes/ee16b1015.py)
File: ./figs/ee16b1015.eps Graphic file (type eps)
 <./figs/ee16b1015.eps>

LaTeX Warning: `h' float specifier changed to `ht'.


LaTeX Warning: Command \i invalid in math mode on input line 505.

(./problems/ee16b1016.tex
Underfull \vbox (badness 10000) has occurred while \output is active []



LaTeX Warning: Command \i invalid in math mode on input line 12.


LaTeX Warning: Command \i invalid in math mode on input line 12.


LaTeX Warning: Command \i invalid in math mode on input line 17.


LaTeX Warning: Command \i invalid in math mode on input line 17.


LaTeX Warning: Command \i invalid in math mode on input line 17.


LaTeX Warning: Command \i invalid in math mode on input line 17.


LaTeX Warning: Command \i invalid in math mode on input line 17.


LaTeX Warning: Command \i invalid in math mode on input line 17.

) (./codes/ee16b1016.py
LaTeX Font Info:    Try loading font information for OML+txr on input line 8.

(/usr/share/texlive/texmf-dist/tex/latex/txfonts/omltxr.fd
File: omltxr.fd 2000/12/15 v3.1
)
LaTeX Font Info:    Font shape `OML/txr/m/n' in size <12> not available
(Font)              Font shape `OML/txmi/m/it' tried instead on input line 8.
 [10])
File: ./figs/ee16b1016.eps Graphic file (type eps)

<./figs/ee16b1016.eps> (./problems/ee16b1017.tex) (./codes/ee16b1017.py)
(./problems/ee16b1018.tex) (./codes/ee16b1018.py
Overfull \hbox (99.20337pt too wide) in paragraph at lines 4--6
[][] 
 []

)
Underfull \vbox (badness 10000) has occurred while \output is active []

 [11]
(./codes/ee16b1019.py)
File: ./figs/ee16b1019a.eps Graphic file (type eps)
 <./figs/ee16b1019a.eps>

LaTeX Warning: `h' float specifier changed to `ht'.

File: ./figs/ee16b1019b.eps Graphic file (type eps)
<./figs/ee16b1019b.eps>

LaTeX Warning: `h' float specifier changed to `ht'.

File: ./figs/ee16b1019c.eps Graphic file (type eps)
<./figs/ee16b1019c.eps>

LaTeX Warning: `h' float specifier changed to `ht'.

File: ./figs/ee16b1019d.eps Graphic file (type eps)
<./figs/ee16b1019d.eps>

LaTeX Warning: `h' float specifier changed to `ht'.

(./codes/ee16b1020.py [12])
File: ./figs/ee16b1020.eps Graphic file (type eps)
 <./figs/ee16b1020.eps>

LaTeX Warning: `h' float specifier changed to `ht'.

(./problems/ee16b1021.tex
Underfull \vbox (badness 5064) has occurred while \output is active []

 [13])
(./codes/ee16b1021.py)
File: ./figs/ee16b1021.eps Graphic file (type eps)
 <./figs/ee16b1021.eps>

LaTeX Warning: `h' float specifier changed to `ht'.

(./problems/ee16b1022.tex) (./codes/ee16b1022.py [14])
File: ./figs/ee16b1022.eps Graphic file (type eps)
 <./figs/ee16b1022.eps>

LaTeX Warning: `h' float specifier changed to `ht'.

(./problems/ee16b1023.tex
Underfull \vbox (badness 10000) has occurred while \output is active []

)
(./codes/ee16b1023.py [15])
File: ./figs/ee16b1023.eps Graphic file (type eps)
 <./figs/ee16b1023.eps>
Underfull \hbox (badness 4621) in paragraph at lines 673--673
[]\OT1/txr/m/n/12 Fig. 22: |Nor-mals to the parabola for var-i-
 []


Underfull \hbox (badness 1874) in paragraph at lines 673--673
\OT1/txr/m/n/12 ous val-ues of $\OML/txmi/m/it/12 t$ \OT1/txr/m/n/12 plot-ted. 
For $\OML/txmi/m/it/12 t \OT1/txr/m/n/12 = []\OML/txmi/m/it/12 ; t[] \OT1/txr/m
/n/12 =
 []

(./problems/ee16b1024.tex
Underfull \vbox (badness 1715) has occurred while \output is active []

)
(./codes/ee16b1024.py [16])
File: ./figs/ee16b1024.eps Graphic file (type eps)
 <./figs/ee16b1024.eps> (./problems/ee16b1025.tex)
(./codes/ee16b1025.py)
File: ./figs/ee16b1025.eps Graphic file (type eps)
 <./figs/ee16b1025.eps>

LaTeX Warning: Command \i invalid in math mode on input line 710.


LaTeX Warning: Command \i invalid in math mode on input line 710.

(./problems/ee16b1026.tex

LaTeX Warning: Command \i invalid in math mode on input line 9.


LaTeX Warning: Command \i invalid in math mode on input line 9.


LaTeX Warning: Command \i invalid in math mode on input line 9.


LaTeX Warning: Command \i invalid in math mode on input line 9.

[17]) (./codes/ee16b1026.py)
File: ./figs/ee16b1026.eps Graphic file (type eps)
 <./figs/ee16b1026.eps> (./problems/ee16b1027.tex)
(./codes/ee16b1027.py) (./problems/ee16b1028.tex
Underfull \vbox (badness 10000) has occurred while \output is active []

 [18])
(./codes/ee16b1028.py) (./problems/ee16b1029.tex) (./codes/ee16b1029.py)
File: ./figs/ee16b1029.eps Graphic file (type eps)

<./figs/ee16b1029.eps>

LaTeX Warning: `h' float specifier changed to `ht'.

(./problems/ee16b1030.tex) (./codes/ee16b1030.py [19])
File: ./figs/ee16b1030.eps Graphic file (type eps)
 <./figs/ee16b1030.eps>
Underfull \hbox (badness 10000) in paragraph at lines 781--783
\OT1/txr/m/n/12 Sketch the nor-mal to $\OML/txmi/m/it/12 f\OT1/txr/m/n/12 (\OML
/txmi/m/it/12 x\OT1/txr/m/n/12 )$ at $\OML/txmi/m/it/12 x \OT1/txr/m/n/12 = []$
.
 []


Underfull \hbox (badness 10000) in paragraph at lines 781--783
\OT1/txr/m/n/12 Does it pass through any of the points
 []

(./problems/ee16b1031.tex) (./codes/ee16b1031.py)
File: ./figs/ee16b1031.eps Graphic file (type eps)
 <./figs/ee16b1031.eps>

LaTeX Warning: `h' float specifier changed to `ht'.

(./problems/ee16b1032.tex
Underfull \vbox (badness 10000) has occurred while \output is active []

 [20])
(./codes/ee16b1032.py)
File: ./figs/ee16b1032.eps Graphic file (type eps)
 <./figs/ee16b1032.eps> (./codes/ee16b1033.py [21])
File: ./figs/ee16b1033.eps Graphic file (type eps)

<./figs/ee16b1033.eps> (./problems/ee16b1034.tex
Overfull \hbox (2.0911pt too wide) in paragraph at lines 44--44
[] 
 []

) (./codes/ee16b1034.py [22])
File: ./figs/ee16b1034.eps Graphic file (type eps)
 <./figs/ee16b1034.eps> (./problems/ee16b1035.tex) (./codes/ee16b1035.py
Underfull \vbox (badness 4647) has occurred while \output is active []

 [23])
File: ./figs/ee16b1035.eps Graphic file (type eps)

<./figs/ee16b1035.eps> (./problems/ee16b1036.tex) (./codes/ee16b1036.py)
File: ./figs/ee16b1036.eps Graphic file (type eps)

<./figs/ee16b1036.eps>

LaTeX Warning: `h' float specifier changed to `ht'.

(./problems/ee16b1037.tex
Underfull \vbox (badness 1033) has occurred while \output is active []

 [24])
(./codes/ee16b1037.py)
File: ./figs/ee16b1037a.eps Graphic file (type eps)
 <./figs/ee16b1037a.eps>

LaTeX Warning: `h' float specifier changed to `ht'.

File: ./figs/ee16b1037b.eps Graphic file (type eps)
<./figs/ee16b1037b.eps>

LaTeX Warning: `h' float specifier changed to `ht'.

[25] (./problems/ee16b1038.tex
Underfull \vbox (badness 1515) has occurred while \output is active []

)
(./codes/ee16b1038.py)
File: ./figs/ee16b1038.eps Graphic file (type eps)
 <./figs/ee16b1038.eps>

LaTeX Warning: `h' float specifier changed to `ht'.

(./problems/ee16b1039.tex
Underfull \vbox (badness 10000) has occurred while \output is active []

 [26])
(./codes/ee16b1039.py)
File: ./figs/ee16b1039.eps Graphic file (type eps)
 <./figs/ee16b1039.eps> (./problems/ee16b1001.tex
Underfull \vbox (badness 10000) has occurred while \output is active []

 [27])
(./codes/ee16b1001.py) [28] (./gvv_jee_2016_python.aux)

LaTeX Warning: There were multiply-defined labels.

 ) 
Here is how much of TeX's memory you used:
 7660 strings out of 494946
 115290 string characters out of 6181058
 425155 words of memory out of 5000000
 10654 multiletter control sequences out of 15000+600000
 67126 words of font info for 166 fonts, out of 8000000 for 9000
 17 hyphenation exceptions out of 8191
 36i,15n,40p,511b,1490s stack positions out of 5000i,500n,10000p,200000b,80000s

Output written on gvv_jee_2016_python.dvi (28 pages, 256996 bytes).
