\BOOKMARK [1][-]{section.1}{Triangle}{}% 1
\BOOKMARK [2][-]{subsection.1.1}{Construction Examples}{section.1}% 2
\BOOKMARK [2][-]{subsection.1.2}{Construction Exercises}{section.1}% 3
\BOOKMARK [2][-]{subsection.1.3}{Triangle Examples}{section.1}% 4
\BOOKMARK [2][-]{subsection.1.4}{Triangle Exercises}{section.1}% 5
\BOOKMARK [1][-]{section.2}{Quadrilateral}{}% 6
\BOOKMARK [2][-]{subsection.2.1}{Construction Examples}{section.2}% 7
\BOOKMARK [2][-]{subsection.2.2}{Construction Exercises}{section.2}% 8
\BOOKMARK [2][-]{subsection.2.3}{Quadrilateral Examples}{section.2}% 9
\BOOKMARK [2][-]{subsection.2.4}{Quadrilateral Geometry}{section.2}% 10
\BOOKMARK [1][-]{section.3}{line}{}% 11
\BOOKMARK [2][-]{subsection.3.1}{Examples}{section.3}% 12
\BOOKMARK [2][-]{subsection.3.2}{Points and Vectors}{section.3}% 13
\BOOKMARK [2][-]{subsection.3.3}{Points on a Line}{section.3}% 14
\BOOKMARK [2][-]{subsection.3.4}{Lines and Planes}{section.3}% 15
\BOOKMARK [2][-]{subsection.3.5}{Miscellaneous}{section.3}% 16
\BOOKMARK [1][-]{section.4}{Circle}{}% 17
\BOOKMARK [2][-]{subsection.4.1}{Construction Examples}{section.4}% 18
\BOOKMARK [2][-]{subsection.4.2}{Construction Exercises}{section.4}% 19
\BOOKMARK [2][-]{subsection.4.3}{Circle Geometry}{section.4}% 20
