\BOOKMARK [1][-]{section.1}{Triangle}{}% 1
\BOOKMARK [2][-]{subsection.1.1}{Construction Examples}{section.1}% 2
\BOOKMARK [2][-]{subsection.1.2}{Construction Exercises}{section.1}% 3
\BOOKMARK [2][-]{subsection.1.3}{Triangle Examples}{section.1}% 4
\BOOKMARK [2][-]{subsection.1.4}{Triangle Exercises}{section.1}% 5
\BOOKMARK [1][-]{section.2}{Quadrilateral}{}% 6
\BOOKMARK [2][-]{subsection.2.1}{Construction Examples}{section.2}% 7
\BOOKMARK [2][-]{subsection.2.2}{Construction Exercises}{section.2}% 8
\BOOKMARK [2][-]{subsection.2.3}{Quadrilateral Examples}{section.2}% 9
\BOOKMARK [2][-]{subsection.2.4}{Quadrilateral Geometry}{section.2}% 10
\BOOKMARK [1][-]{section.3}{line}{}% 11
\BOOKMARK [2][-]{subsection.3.1}{Examples: Geometry}{section.3}% 12
\BOOKMARK [2][-]{subsection.3.2}{Points and Vectors}{section.3}% 13
\BOOKMARK [2][-]{subsection.3.3}{Points on a Line}{section.3}% 14
\BOOKMARK [2][-]{subsection.3.4}{Lines and Planes}{section.3}% 15
\BOOKMARK [2][-]{subsection.3.5}{Examples: Applications}{section.3}% 16
\BOOKMARK [2][-]{subsection.3.6}{Miscellaneous}{section.3}% 17
\BOOKMARK [1][-]{section.4}{Circle}{}% 18
\BOOKMARK [2][-]{subsection.4.1}{Construction Examples}{section.4}% 19
\BOOKMARK [2][-]{subsection.4.2}{Construction Exercises}{section.4}% 20
\BOOKMARK [2][-]{subsection.4.3}{Circle Geometry Examples}{section.4}% 21
\BOOKMARK [2][-]{subsection.4.4}{Circle Geometry Exercises}{section.4}% 22
\BOOKMARK [2][-]{subsection.4.5}{Circle Applications}{section.4}% 23
\BOOKMARK [1][-]{section.5}{Conics}{}% 24
\BOOKMARK [2][-]{subsection.5.1}{Examples}{section.5}% 25
\BOOKMARK [2][-]{subsection.5.2}{Exercises}{section.5}% 26
\BOOKMARK [1][-]{section.6}{Curves}{}% 27
\BOOKMARK [2][-]{subsection.6.1}{Examples}{section.6}% 28
\BOOKMARK [2][-]{subsection.6.2}{Exercises}{section.6}% 29
